<?xml version="1.0" encoding="UTF-8"?>
<testsuite name="com.jung.springbook.web.PostsApiControllerTest" tests="3" skipped="0" failures="0" errors="0" timestamp="2021-01-08T08:13:34" hostname="AS0-W-N02169" time="0.169">
  <properties/>
  <testcase name="Posts_등록된다()" classname="com.jung.springbook.web.PostsApiControllerTest" time="0.097"/>
  <testcase name="Posts_삭제된다()" classname="com.jung.springbook.web.PostsApiControllerTest" time="0.039"/>
  <testcase name="Posts_수정된다()" classname="com.jung.springbook.web.PostsApiControllerTest" time="0.031"/>
  <system-out><![CDATA[2021-01-08 17:13:33.988  INFO 31312 --- [    Test worker] .b.t.c.SpringBootTestContextBootstrapper : Neither @ContextConfiguration nor @ContextHierarchy found for test class [com.jung.springbook.web.PostsApiControllerTest], using SpringBootContextLoader
2021-01-08 17:13:33.989  INFO 31312 --- [    Test worker] o.s.t.c.support.AbstractContextLoader    : Could not detect default resource locations for test class [com.jung.springbook.web.PostsApiControllerTest]: no resource found for suffixes {-context.xml, Context.groovy}.
2021-01-08 17:13:33.989  INFO 31312 --- [    Test worker] t.c.s.AnnotationConfigContextLoaderUtils : Could not detect default configuration classes for test class [com.jung.springbook.web.PostsApiControllerTest]: PostsApiControllerTest does not declare any static, non-private, non-final, nested classes annotated with @Configuration.
2021-01-08 17:13:33.992  INFO 31312 --- [    Test worker] .b.t.c.SpringBootTestContextBootstrapper : Found @SpringBootConfiguration com.jung.springbook.Application for test class com.jung.springbook.web.PostsApiControllerTest
2021-01-08 17:13:33.994  INFO 31312 --- [    Test worker] .b.t.c.SpringBootTestContextBootstrapper : Loaded default TestExecutionListener class names from location [META-INF/spring.factories]: [org.springframework.security.test.context.support.WithSecurityContextTestExecutionListener, org.springframework.security.test.context.support.ReactorContextTestExecutionListener, org.springframework.boot.test.autoconfigure.restdocs.RestDocsTestExecutionListener, org.springframework.boot.test.autoconfigure.web.client.MockRestServiceServerResetTestExecutionListener, org.springframework.boot.test.autoconfigure.web.servlet.MockMvcPrintOnlyOnFailureTestExecutionListener, org.springframework.boot.test.autoconfigure.web.servlet.WebDriverTestExecutionListener, org.springframework.boot.test.autoconfigure.webservices.client.MockWebServiceServerTestExecutionListener, org.springframework.boot.test.mock.mockito.MockitoTestExecutionListener, org.springframework.boot.test.mock.mockito.ResetMocksTestExecutionListener, org.springframework.test.context.web.ServletTestExecutionListener, org.springframework.test.context.support.DirtiesContextBeforeModesTestExecutionListener, org.springframework.test.context.support.DependencyInjectionTestExecutionListener, org.springframework.test.context.support.DirtiesContextTestExecutionListener, org.springframework.test.context.transaction.TransactionalTestExecutionListener, org.springframework.test.context.jdbc.SqlScriptsTestExecutionListener, org.springframework.test.context.event.EventPublishingTestExecutionListener]
2021-01-08 17:13:33.995  INFO 31312 --- [    Test worker] .b.t.c.SpringBootTestContextBootstrapper : Using TestExecutionListeners: [org.springframework.test.context.web.ServletTestExecutionListener@8dcfc, org.springframework.test.context.support.DirtiesContextBeforeModesTestExecutionListener@1613b1f, org.springframework.boot.test.mock.mockito.MockitoTestExecutionListener@1890238, org.springframework.boot.test.autoconfigure.SpringBootDependencyInjectionTestExecutionListener@1dd6a20, org.springframework.test.context.support.DirtiesContextTestExecutionListener@176ac9b, org.springframework.test.context.transaction.TransactionalTestExecutionListener@175cba9, org.springframework.test.context.jdbc.SqlScriptsTestExecutionListener@e69bfd, org.springframework.security.test.context.support.WithSecurityContextTestExecutionListener@2a766b, org.springframework.test.context.event.EventPublishingTestExecutionListener@621341, org.springframework.security.test.context.support.ReactorContextTestExecutionListener@1b1b0e7, org.springframework.boot.test.autoconfigure.restdocs.RestDocsTestExecutionListener@1e2ed9f, org.springframework.boot.test.autoconfigure.web.client.MockRestServiceServerResetTestExecutionListener@364066, org.springframework.boot.test.autoconfigure.web.servlet.MockMvcPrintOnlyOnFailureTestExecutionListener@9ab03a, org.springframework.boot.test.autoconfigure.web.servlet.WebDriverTestExecutionListener@9e17c6, org.springframework.boot.test.autoconfigure.webservices.client.MockWebServiceServerTestExecutionListener@d2939f, org.springframework.boot.test.mock.mockito.ResetMocksTestExecutionListener@cdd113]
2021-01-08 17:13:34.009  INFO 31312 --- [    Test worker] o.a.c.c.C.[Tomcat].[localhost].[/]       : Initializing Spring TestDispatcherServlet ''
2021-01-08 17:13:34.009  INFO 31312 --- [    Test worker] o.s.t.web.servlet.TestDispatcherServlet  : Initializing Servlet ''
2021-01-08 17:13:34.011  INFO 31312 --- [    Test worker] o.s.t.web.servlet.TestDispatcherServlet  : Completed initialization in 2 ms
2021-01-08 17:13:34.101  INFO 31312 --- [    Test worker] o.a.c.c.C.[Tomcat].[localhost].[/]       : Initializing Spring TestDispatcherServlet ''
2021-01-08 17:13:34.101  INFO 31312 --- [    Test worker] o.s.t.web.servlet.TestDispatcherServlet  : Initializing Servlet ''
2021-01-08 17:13:34.102  INFO 31312 --- [    Test worker] o.s.t.web.servlet.TestDispatcherServlet  : Completed initialization in 1 ms
2021-01-08 17:13:34.142  INFO 31312 --- [    Test worker] o.a.c.c.C.[Tomcat].[localhost].[/]       : Initializing Spring TestDispatcherServlet ''
2021-01-08 17:13:34.142  INFO 31312 --- [    Test worker] o.s.t.web.servlet.TestDispatcherServlet  : Initializing Servlet ''
2021-01-08 17:13:34.144  INFO 31312 --- [    Test worker] o.s.t.web.servlet.TestDispatcherServlet  : Completed initialization in 2 ms
]]></system-out>
  <system-err><![CDATA[]]></system-err>
</testsuite>
