<?xml version="1.0" encoding="UTF-8"?>
<testsuite name="com.jung.springbook.web.IndexControllerTest" tests="1" skipped="0" failures="0" errors="0" timestamp="2021-01-11T10:06:56" hostname="DESKTOP-6GQEKR1" time="0.235">
  <properties/>
  <testcase name="메인페이지_로딩()" classname="com.jung.springbook.web.IndexControllerTest" time="0.235"/>
  <system-out><![CDATA[2021-01-11 19:06:54.273  INFO 7116 --- [    Test worker] .b.t.c.SpringBootTestContextBootstrapper : Neither @ContextConfiguration nor @ContextHierarchy found for test class [com.jung.springbook.web.IndexControllerTest], using SpringBootContextLoader
2021-01-11 19:06:54.274  INFO 7116 --- [    Test worker] o.s.t.c.support.AbstractContextLoader    : Could not detect default resource locations for test class [com.jung.springbook.web.IndexControllerTest]: no resource found for suffixes {-context.xml, Context.groovy}.
2021-01-11 19:06:54.274  INFO 7116 --- [    Test worker] t.c.s.AnnotationConfigContextLoaderUtils : Could not detect default configuration classes for test class [com.jung.springbook.web.IndexControllerTest]: IndexControllerTest does not declare any static, non-private, non-final, nested classes annotated with @Configuration.
2021-01-11 19:06:54.277  INFO 7116 --- [    Test worker] .b.t.c.SpringBootTestContextBootstrapper : Found @SpringBootConfiguration com.jung.springbook.Application for test class com.jung.springbook.web.IndexControllerTest
2021-01-11 19:06:54.282  INFO 7116 --- [    Test worker] .b.t.c.SpringBootTestContextBootstrapper : Loaded default TestExecutionListener class names from location [META-INF/spring.factories]: [org.springframework.security.test.context.support.WithSecurityContextTestExecutionListener, org.springframework.security.test.context.support.ReactorContextTestExecutionListener, org.springframework.boot.test.autoconfigure.restdocs.RestDocsTestExecutionListener, org.springframework.boot.test.autoconfigure.web.client.MockRestServiceServerResetTestExecutionListener, org.springframework.boot.test.autoconfigure.web.servlet.MockMvcPrintOnlyOnFailureTestExecutionListener, org.springframework.boot.test.autoconfigure.web.servlet.WebDriverTestExecutionListener, org.springframework.boot.test.autoconfigure.webservices.client.MockWebServiceServerTestExecutionListener, org.springframework.boot.test.mock.mockito.MockitoTestExecutionListener, org.springframework.boot.test.mock.mockito.ResetMocksTestExecutionListener, org.springframework.test.context.web.ServletTestExecutionListener, org.springframework.test.context.support.DirtiesContextBeforeModesTestExecutionListener, org.springframework.test.context.support.DependencyInjectionTestExecutionListener, org.springframework.test.context.support.DirtiesContextTestExecutionListener, org.springframework.test.context.transaction.TransactionalTestExecutionListener, org.springframework.test.context.jdbc.SqlScriptsTestExecutionListener, org.springframework.test.context.event.EventPublishingTestExecutionListener]
2021-01-11 19:06:54.300  INFO 7116 --- [    Test worker] .b.t.c.SpringBootTestContextBootstrapper : Using TestExecutionListeners: [org.springframework.test.context.web.ServletTestExecutionListener@29b9d67d, org.springframework.test.context.support.DirtiesContextBeforeModesTestExecutionListener@386183ff, org.springframework.boot.test.mock.mockito.MockitoTestExecutionListener@1a37d147, org.springframework.boot.test.autoconfigure.SpringBootDependencyInjectionTestExecutionListener@6f47ee7a, org.springframework.test.context.support.DirtiesContextTestExecutionListener@8aad7d1, org.springframework.test.context.transaction.TransactionalTestExecutionListener@3c60c340, org.springframework.test.context.jdbc.SqlScriptsTestExecutionListener@18f99062, org.springframework.security.test.context.support.WithSecurityContextTestExecutionListener@489d9939, org.springframework.test.context.event.EventPublishingTestExecutionListener@1657dba4, org.springframework.security.test.context.support.ReactorContextTestExecutionListener@2c1770ed, org.springframework.boot.test.autoconfigure.restdocs.RestDocsTestExecutionListener@78b99f8d, org.springframework.boot.test.autoconfigure.web.client.MockRestServiceServerResetTestExecutionListener@5c4995f2, org.springframework.boot.test.autoconfigure.web.servlet.MockMvcPrintOnlyOnFailureTestExecutionListener@74ebff24, org.springframework.boot.test.autoconfigure.web.servlet.WebDriverTestExecutionListener@636c694c, org.springframework.boot.test.autoconfigure.webservices.client.MockWebServiceServerTestExecutionListener@579dc75b, org.springframework.boot.test.mock.mockito.ResetMocksTestExecutionListener@47eb2e5f]

  .   ____          _            __ _ _
 /\\ / ___'_ __ _ _(_)_ __  __ _ \ \ \ \
( ( )\___ | '_ | '_| | '_ \/ _` | \ \ \ \
 \\/  ___)| |_)| | | | | || (_| |  ) ) ) )
  '  |____| .__|_| |_|_| |_\__, | / / / /
 =========|_|==============|___/=/_/_/_/
 :: Spring Boot ::                (v2.4.1)

2021-01-11 19:06:54.381  INFO 7116 --- [    Test worker] c.j.springbook.web.IndexControllerTest   : Starting IndexControllerTest using Java 1.8.0_261 on DESKTOP-6GQEKR1 with PID 7116 (started by JUNG in C:\Users\JUNG\IdeaProjects\jung-springbook)
2021-01-11 19:06:54.381  INFO 7116 --- [    Test worker] c.j.springbook.web.IndexControllerTest   : No active profile set, falling back to default profiles: default
2021-01-11 19:06:54.666  INFO 7116 --- [    Test worker] .s.d.r.c.RepositoryConfigurationDelegate : Bootstrapping Spring Data JPA repositories in DEFAULT mode.
2021-01-11 19:06:54.698  INFO 7116 --- [    Test worker] .s.d.r.c.RepositoryConfigurationDelegate : Finished Spring Data repository scanning in 31 ms. Found 2 JPA repository interfaces.
2021-01-11 19:06:55.095  INFO 7116 --- [    Test worker] o.s.b.w.embedded.tomcat.TomcatWebServer  : Tomcat initialized with port(s): 0 (http)
2021-01-11 19:06:55.113  INFO 7116 --- [    Test worker] o.apache.catalina.core.StandardService   : Starting service [Tomcat]
2021-01-11 19:06:55.114  INFO 7116 --- [    Test worker] org.apache.catalina.core.StandardEngine  : Starting Servlet engine: [Apache Tomcat/9.0.41]
2021-01-11 19:06:55.418  INFO 7116 --- [    Test worker] o.a.c.c.C.[Tomcat].[localhost].[/]       : Initializing Spring embedded WebApplicationContext
2021-01-11 19:06:55.420  INFO 7116 --- [    Test worker] w.s.c.ServletWebServerApplicationContext : Root WebApplicationContext: initialization completed in 1030 ms
2021-01-11 19:06:55.626  INFO 7116 --- [    Test worker] com.zaxxer.hikari.HikariDataSource       : HikariPool-2 - Starting...
2021-01-11 19:06:55.628  INFO 7116 --- [    Test worker] com.zaxxer.hikari.HikariDataSource       : HikariPool-2 - Start completed.
2021-01-11 19:06:55.665  INFO 7116 --- [    Test worker] o.hibernate.jpa.internal.util.LogHelper  : HHH000204: Processing PersistenceUnitInfo [name: default]
2021-01-11 19:06:55.676  INFO 7116 --- [    Test worker] org.hibernate.dialect.Dialect            : HHH000400: Using dialect: org.hibernate.dialect.MySQL57Dialect
2021-01-11 19:06:55.784  INFO 7116 --- [    Test worker] o.h.e.t.j.p.i.JtaPlatformInitiator       : HHH000490: Using JtaPlatform implementation: [org.hibernate.engine.transaction.jta.platform.internal.NoJtaPlatform]
2021-01-11 19:06:55.785  INFO 7116 --- [    Test worker] j.LocalContainerEntityManagerFactoryBean : Initialized JPA EntityManagerFactory for persistence unit 'default'
2021-01-11 19:06:56.101  WARN 7116 --- [    Test worker] JpaBaseConfiguration$JpaWebConfiguration : spring.jpa.open-in-view is enabled by default. Therefore, database queries may be performed during view rendering. Explicitly configure spring.jpa.open-in-view to disable this warning
2021-01-11 19:06:56.357  INFO 7116 --- [    Test worker] o.s.s.web.DefaultSecurityFilterChain     : Will secure any request with [org.springframework.security.web.context.request.async.WebAsyncManagerIntegrationFilter@2f2dff98, org.springframework.security.web.context.SecurityContextPersistenceFilter@29a11e14, org.springframework.security.web.header.HeaderWriterFilter@53d1a0cf, org.springframework.security.web.authentication.logout.LogoutFilter@5122e440, org.springframework.security.oauth2.client.web.OAuth2AuthorizationRequestRedirectFilter@2982cd8e, org.springframework.security.oauth2.client.web.OAuth2LoginAuthenticationFilter@6650f77e, org.springframework.security.web.authentication.ui.DefaultLoginPageGeneratingFilter@2a18342b, org.springframework.security.web.authentication.ui.DefaultLogoutPageGeneratingFilter@ac3f555, org.springframework.security.web.savedrequest.RequestCacheAwareFilter@2ace1bc4, org.springframework.security.web.servletapi.SecurityContextHolderAwareRequestFilter@74c7018a, org.springframework.security.web.authentication.AnonymousAuthenticationFilter@3592b73e, org.springframework.security.web.session.SessionManagementFilter@7395a283, org.springframework.security.web.access.ExceptionTranslationFilter@4688bc98, org.springframework.security.web.access.intercept.FilterSecurityInterceptor@446c34fc]
2021-01-11 19:06:56.507  INFO 7116 --- [    Test worker] o.s.s.concurrent.ThreadPoolTaskExecutor  : Initializing ExecutorService 'applicationTaskExecutor'
2021-01-11 19:06:56.544  INFO 7116 --- [    Test worker] o.s.b.a.w.s.WelcomePageHandlerMapping    : Adding welcome page template: index
2021-01-11 19:06:56.825  INFO 7116 --- [    Test worker] o.s.b.w.embedded.tomcat.TomcatWebServer  : Tomcat started on port(s): 56552 (http) with context path ''
2021-01-11 19:06:56.829  INFO 7116 --- [    Test worker] s.a.ScheduledAnnotationBeanPostProcessor : No TaskScheduler/ScheduledExecutorService bean found for scheduled processing
2021-01-11 19:06:56.830  INFO 7116 --- [    Test worker] c.j.springbook.web.IndexControllerTest   : Started IndexControllerTest in 2.527 seconds (JVM running for 14.419)
2021-01-11 19:06:56.975  INFO 7116 --- [o-auto-1-exec-1] o.a.c.c.C.[Tomcat].[localhost].[/]       : Initializing Spring DispatcherServlet 'dispatcherServlet'
2021-01-11 19:06:56.976  INFO 7116 --- [o-auto-1-exec-1] o.s.web.servlet.DispatcherServlet        : Initializing Servlet 'dispatcherServlet'
2021-01-11 19:06:56.976  INFO 7116 --- [o-auto-1-exec-1] o.s.web.servlet.DispatcherServlet        : Completed initialization in 0 ms
]]></system-out>
  <system-err><![CDATA[]]></system-err>
</testsuite>
