<?xml version="1.0" encoding="UTF-8"?>
<testsuite name="com.jung.springbook.web.IndexControllerTest" tests="1" skipped="0" failures="0" errors="0" timestamp="2021-01-13T05:12:51" hostname="AS0-W-N02169" time="0.203">
  <properties/>
  <testcase name="메인페이지_로딩()" classname="com.jung.springbook.web.IndexControllerTest" time="0.203"/>
  <system-out><![CDATA[2021-01-13 14:12:49.590  INFO 2400 --- [    Test worker] .b.t.c.SpringBootTestContextBootstrapper : Neither @ContextConfiguration nor @ContextHierarchy found for test class [com.jung.springbook.web.IndexControllerTest], using SpringBootContextLoader
2021-01-13 14:12:49.591  INFO 2400 --- [    Test worker] o.s.t.c.support.AbstractContextLoader    : Could not detect default resource locations for test class [com.jung.springbook.web.IndexControllerTest]: no resource found for suffixes {-context.xml, Context.groovy}.
2021-01-13 14:12:49.592  INFO 2400 --- [    Test worker] t.c.s.AnnotationConfigContextLoaderUtils : Could not detect default configuration classes for test class [com.jung.springbook.web.IndexControllerTest]: IndexControllerTest does not declare any static, non-private, non-final, nested classes annotated with @Configuration.
2021-01-13 14:12:49.595  INFO 2400 --- [    Test worker] .b.t.c.SpringBootTestContextBootstrapper : Found @SpringBootConfiguration com.jung.springbook.Application for test class com.jung.springbook.web.IndexControllerTest
2021-01-13 14:12:49.597  INFO 2400 --- [    Test worker] .b.t.c.SpringBootTestContextBootstrapper : Loaded default TestExecutionListener class names from location [META-INF/spring.factories]: [org.springframework.security.test.context.support.WithSecurityContextTestExecutionListener, org.springframework.security.test.context.support.ReactorContextTestExecutionListener, org.springframework.boot.test.autoconfigure.restdocs.RestDocsTestExecutionListener, org.springframework.boot.test.autoconfigure.web.client.MockRestServiceServerResetTestExecutionListener, org.springframework.boot.test.autoconfigure.web.servlet.MockMvcPrintOnlyOnFailureTestExecutionListener, org.springframework.boot.test.autoconfigure.web.servlet.WebDriverTestExecutionListener, org.springframework.boot.test.autoconfigure.webservices.client.MockWebServiceServerTestExecutionListener, org.springframework.boot.test.mock.mockito.MockitoTestExecutionListener, org.springframework.boot.test.mock.mockito.ResetMocksTestExecutionListener, org.springframework.test.context.web.ServletTestExecutionListener, org.springframework.test.context.support.DirtiesContextBeforeModesTestExecutionListener, org.springframework.test.context.support.DependencyInjectionTestExecutionListener, org.springframework.test.context.support.DirtiesContextTestExecutionListener, org.springframework.test.context.transaction.TransactionalTestExecutionListener, org.springframework.test.context.jdbc.SqlScriptsTestExecutionListener, org.springframework.test.context.event.EventPublishingTestExecutionListener]
2021-01-13 14:12:49.599  INFO 2400 --- [    Test worker] .b.t.c.SpringBootTestContextBootstrapper : Using TestExecutionListeners: [org.springframework.test.context.web.ServletTestExecutionListener@1ffbffe, org.springframework.test.context.support.DirtiesContextBeforeModesTestExecutionListener@1c75e45, org.springframework.boot.test.mock.mockito.MockitoTestExecutionListener@31141a, org.springframework.boot.test.autoconfigure.SpringBootDependencyInjectionTestExecutionListener@c45575, org.springframework.test.context.support.DirtiesContextTestExecutionListener@d5c, org.springframework.test.context.transaction.TransactionalTestExecutionListener@1b6416f, org.springframework.test.context.jdbc.SqlScriptsTestExecutionListener@13d0bc7, org.springframework.security.test.context.support.WithSecurityContextTestExecutionListener@1cc8568, org.springframework.test.context.event.EventPublishingTestExecutionListener@1de0d20, org.springframework.security.test.context.support.ReactorContextTestExecutionListener@2a898d, org.springframework.boot.test.autoconfigure.restdocs.RestDocsTestExecutionListener@140d0bc, org.springframework.boot.test.autoconfigure.web.client.MockRestServiceServerResetTestExecutionListener@bcfaf9, org.springframework.boot.test.autoconfigure.web.servlet.MockMvcPrintOnlyOnFailureTestExecutionListener@1fc4b43, org.springframework.boot.test.autoconfigure.web.servlet.WebDriverTestExecutionListener@180d950, org.springframework.boot.test.autoconfigure.webservices.client.MockWebServiceServerTestExecutionListener@43aec, org.springframework.boot.test.mock.mockito.ResetMocksTestExecutionListener@1d47d27]

  .   ____          _            __ _ _
 /\\ / ___'_ __ _ _(_)_ __  __ _ \ \ \ \
( ( )\___ | '_ | '_| | '_ \/ _` | \ \ \ \
 \\/  ___)| |_)| | | | | || (_| |  ) ) ) )
  '  |____| .__|_| |_|_| |_\__, | / / / /
 =========|_|==============|___/=/_/_/_/
 :: Spring Boot ::                (v2.4.1)

2021-01-13 14:12:49.628  INFO 2400 --- [    Test worker] c.j.springbook.web.IndexControllerTest   : Starting IndexControllerTest using Java 1.8.0_201 on AS0-W-N02169 with PID 2400 (started by FAS00143 in D:\정이\jung-springbook)
2021-01-13 14:12:49.630  INFO 2400 --- [    Test worker] c.j.springbook.web.IndexControllerTest   : No active profile set, falling back to default profiles: default
2021-01-13 14:12:49.838  INFO 2400 --- [    Test worker] .s.d.r.c.RepositoryConfigurationDelegate : Bootstrapping Spring Data JPA repositories in DEFAULT mode.
2021-01-13 14:12:49.853  INFO 2400 --- [    Test worker] .s.d.r.c.RepositoryConfigurationDelegate : Finished Spring Data repository scanning in 14 ms. Found 2 JPA repository interfaces.
2021-01-13 14:12:50.188  INFO 2400 --- [    Test worker] o.s.b.w.embedded.tomcat.TomcatWebServer  : Tomcat initialized with port(s): 0 (http)
2021-01-13 14:12:50.203  INFO 2400 --- [    Test worker] o.apache.catalina.core.StandardService   : Starting service [Tomcat]
2021-01-13 14:12:50.204  INFO 2400 --- [    Test worker] org.apache.catalina.core.StandardEngine  : Starting Servlet engine: [Apache Tomcat/9.0.41]
2021-01-13 14:12:50.423  INFO 2400 --- [    Test worker] o.a.c.c.C.[Tomcat].[localhost].[/]       : Initializing Spring embedded WebApplicationContext
2021-01-13 14:12:50.424  INFO 2400 --- [    Test worker] w.s.c.ServletWebServerApplicationContext : Root WebApplicationContext: initialization completed in 791 ms
2021-01-13 14:12:50.594  INFO 2400 --- [    Test worker] com.zaxxer.hikari.HikariDataSource       : HikariPool-2 - Starting...
2021-01-13 14:12:50.594  INFO 2400 --- [    Test worker] com.zaxxer.hikari.HikariDataSource       : HikariPool-2 - Start completed.
2021-01-13 14:12:50.620  INFO 2400 --- [    Test worker] o.hibernate.jpa.internal.util.LogHelper  : HHH000204: Processing PersistenceUnitInfo [name: default]
2021-01-13 14:12:50.631  INFO 2400 --- [    Test worker] org.hibernate.dialect.Dialect            : HHH000400: Using dialect: org.hibernate.dialect.MySQL57Dialect
2021-01-13 14:12:50.682  INFO 2400 --- [    Test worker] o.h.e.t.j.p.i.JtaPlatformInitiator       : HHH000490: Using JtaPlatform implementation: [org.hibernate.engine.transaction.jta.platform.internal.NoJtaPlatform]
2021-01-13 14:12:50.682  INFO 2400 --- [    Test worker] j.LocalContainerEntityManagerFactoryBean : Initialized JPA EntityManagerFactory for persistence unit 'default'
2021-01-13 14:12:51.002  WARN 2400 --- [    Test worker] JpaBaseConfiguration$JpaWebConfiguration : spring.jpa.open-in-view is enabled by default. Therefore, database queries may be performed during view rendering. Explicitly configure spring.jpa.open-in-view to disable this warning
2021-01-13 14:12:51.194  INFO 2400 --- [    Test worker] o.s.s.web.DefaultSecurityFilterChain     : Will secure any request with [org.springframework.security.web.context.request.async.WebAsyncManagerIntegrationFilter@d845c, org.springframework.security.web.context.SecurityContextPersistenceFilter@d2b126, org.springframework.security.web.header.HeaderWriterFilter@194f669, org.springframework.security.web.authentication.logout.LogoutFilter@136d96b, org.springframework.security.oauth2.client.web.OAuth2AuthorizationRequestRedirectFilter@bafd08, org.springframework.security.oauth2.client.web.OAuth2LoginAuthenticationFilter@1103e91, org.springframework.security.web.authentication.ui.DefaultLoginPageGeneratingFilter@f1576c, org.springframework.security.web.authentication.ui.DefaultLogoutPageGeneratingFilter@1f90f7e, org.springframework.security.web.savedrequest.RequestCacheAwareFilter@17221a0, org.springframework.security.web.servletapi.SecurityContextHolderAwareRequestFilter@1abbc19, org.springframework.security.web.authentication.AnonymousAuthenticationFilter@96e1b4, org.springframework.security.web.session.SessionManagementFilter@168ddb5, org.springframework.security.web.access.ExceptionTranslationFilter@1f957d3, org.springframework.security.web.access.intercept.FilterSecurityInterceptor@109ce85]
2021-01-13 14:12:51.309  INFO 2400 --- [    Test worker] o.s.s.concurrent.ThreadPoolTaskExecutor  : Initializing ExecutorService 'applicationTaskExecutor'
2021-01-13 14:12:51.346  INFO 2400 --- [    Test worker] o.s.b.a.w.s.WelcomePageHandlerMapping    : Adding welcome page template: index
2021-01-13 14:12:51.591  INFO 2400 --- [    Test worker] o.s.b.w.embedded.tomcat.TomcatWebServer  : Tomcat started on port(s): 52603 (http) with context path ''
2021-01-13 14:12:51.596  INFO 2400 --- [    Test worker] s.a.ScheduledAnnotationBeanPostProcessor : No TaskScheduler/ScheduledExecutorService bean found for scheduled processing
2021-01-13 14:12:51.597  INFO 2400 --- [    Test worker] c.j.springbook.web.IndexControllerTest   : Started IndexControllerTest in 1.995 seconds (JVM running for 10.429)
2021-01-13 14:12:51.716  INFO 2400 --- [o-auto-1-exec-1] o.a.c.c.C.[Tomcat].[localhost].[/]       : Initializing Spring DispatcherServlet 'dispatcherServlet'
2021-01-13 14:12:51.716  INFO 2400 --- [o-auto-1-exec-1] o.s.web.servlet.DispatcherServlet        : Initializing Servlet 'dispatcherServlet'
2021-01-13 14:12:51.717  INFO 2400 --- [o-auto-1-exec-1] o.s.web.servlet.DispatcherServlet        : Completed initialization in 1 ms
]]></system-out>
  <system-err><![CDATA[]]></system-err>
</testsuite>
