<?xml version="1.0" encoding="UTF-8"?>
<testsuite name="com.jung.springbook.web.HelloControllerTest" tests="2" skipped="0" failures="0" errors="0" timestamp="2021-01-08T08:13:31" hostname="AS0-W-N02169" time="0.188">
  <properties/>
  <testcase name="hello가_리턴된다()" classname="com.jung.springbook.web.HelloControllerTest" time="0.074"/>
  <testcase name="helloDto가_리턴된다()" classname="com.jung.springbook.web.HelloControllerTest" time="0.113"/>
  <system-out><![CDATA[2021-01-08 17:13:30.301  INFO 31312 --- [    Test worker] .b.t.a.w.s.WebMvcTestContextBootstrapper : Neither @ContextConfiguration nor @ContextHierarchy found for test class [com.jung.springbook.web.HelloControllerTest], using SpringBootContextLoader
2021-01-08 17:13:30.302  INFO 31312 --- [    Test worker] o.s.t.c.support.AbstractContextLoader    : Could not detect default resource locations for test class [com.jung.springbook.web.HelloControllerTest]: no resource found for suffixes {-context.xml, Context.groovy}.
2021-01-08 17:13:30.303  INFO 31312 --- [    Test worker] t.c.s.AnnotationConfigContextLoaderUtils : Could not detect default configuration classes for test class [com.jung.springbook.web.HelloControllerTest]: HelloControllerTest does not declare any static, non-private, non-final, nested classes annotated with @Configuration.
2021-01-08 17:13:30.331  INFO 31312 --- [    Test worker] .b.t.c.SpringBootTestContextBootstrapper : Found @SpringBootConfiguration com.jung.springbook.Application for test class com.jung.springbook.web.HelloControllerTest
2021-01-08 17:13:30.333  INFO 31312 --- [    Test worker] .b.t.a.w.s.WebMvcTestContextBootstrapper : Loaded default TestExecutionListener class names from location [META-INF/spring.factories]: [org.springframework.security.test.context.support.WithSecurityContextTestExecutionListener, org.springframework.security.test.context.support.ReactorContextTestExecutionListener, org.springframework.boot.test.autoconfigure.restdocs.RestDocsTestExecutionListener, org.springframework.boot.test.autoconfigure.web.client.MockRestServiceServerResetTestExecutionListener, org.springframework.boot.test.autoconfigure.web.servlet.MockMvcPrintOnlyOnFailureTestExecutionListener, org.springframework.boot.test.autoconfigure.web.servlet.WebDriverTestExecutionListener, org.springframework.boot.test.autoconfigure.webservices.client.MockWebServiceServerTestExecutionListener, org.springframework.boot.test.mock.mockito.MockitoTestExecutionListener, org.springframework.boot.test.mock.mockito.ResetMocksTestExecutionListener, org.springframework.test.context.web.ServletTestExecutionListener, org.springframework.test.context.support.DirtiesContextBeforeModesTestExecutionListener, org.springframework.test.context.support.DependencyInjectionTestExecutionListener, org.springframework.test.context.support.DirtiesContextTestExecutionListener, org.springframework.test.context.transaction.TransactionalTestExecutionListener, org.springframework.test.context.jdbc.SqlScriptsTestExecutionListener, org.springframework.test.context.event.EventPublishingTestExecutionListener]
2021-01-08 17:13:30.335  INFO 31312 --- [    Test worker] .b.t.a.w.s.WebMvcTestContextBootstrapper : Using TestExecutionListeners: [org.springframework.test.context.web.ServletTestExecutionListener@1dfb2a3, org.springframework.test.context.support.DirtiesContextBeforeModesTestExecutionListener@ccf4e5, org.springframework.boot.test.mock.mockito.MockitoTestExecutionListener@151cf, org.springframework.boot.test.autoconfigure.SpringBootDependencyInjectionTestExecutionListener@17c7df3, org.springframework.test.context.support.DirtiesContextTestExecutionListener@18e8ad5, org.springframework.test.context.transaction.TransactionalTestExecutionListener@b03ddd, org.springframework.test.context.jdbc.SqlScriptsTestExecutionListener@fb91ad, org.springframework.security.test.context.support.WithSecurityContextTestExecutionListener@32f5a4, org.springframework.test.context.event.EventPublishingTestExecutionListener@19f1615, org.springframework.security.test.context.support.ReactorContextTestExecutionListener@148aee, org.springframework.boot.test.autoconfigure.restdocs.RestDocsTestExecutionListener@2e08f8, org.springframework.boot.test.autoconfigure.web.client.MockRestServiceServerResetTestExecutionListener@1ec464c, org.springframework.boot.test.autoconfigure.web.servlet.MockMvcPrintOnlyOnFailureTestExecutionListener@84d89a, org.springframework.boot.test.autoconfigure.web.servlet.WebDriverTestExecutionListener@9661e, org.springframework.boot.test.autoconfigure.webservices.client.MockWebServiceServerTestExecutionListener@36d96f, org.springframework.boot.test.mock.mockito.ResetMocksTestExecutionListener@1f13583]

  .   ____          _            __ _ _
 /\\ / ___'_ __ _ _(_)_ __  __ _ \ \ \ \
( ( )\___ | '_ | '_| | '_ \/ _` | \ \ \ \
 \\/  ___)| |_)| | | | | || (_| |  ) ) ) )
  '  |____| .__|_| |_|_| |_\__, | / / / /
 =========|_|==============|___/=/_/_/_/
 :: Spring Boot ::                (v2.4.1)

2021-01-08 17:13:30.365  INFO 31312 --- [    Test worker] c.j.springbook.web.HelloControllerTest   : Starting HelloControllerTest using Java 1.8.0_201 on AS0-W-N02169 with PID 31312 (started by FAS00143 in D:\정이\jung-springbook)
2021-01-08 17:13:30.366  INFO 31312 --- [    Test worker] c.j.springbook.web.HelloControllerTest   : No active profile set, falling back to default profiles: default
2021-01-08 17:13:30.764  INFO 31312 --- [    Test worker] o.s.s.concurrent.ThreadPoolTaskExecutor  : Initializing ExecutorService 'applicationTaskExecutor'
2021-01-08 17:13:30.799  INFO 31312 --- [    Test worker] o.s.b.a.w.s.WelcomePageHandlerMapping    : Adding welcome page template: index
2021-01-08 17:13:31.149  INFO 31312 --- [    Test worker] o.s.s.web.DefaultSecurityFilterChain     : Will secure any request with [org.springframework.security.web.context.request.async.WebAsyncManagerIntegrationFilter@b95d07, org.springframework.security.web.context.SecurityContextPersistenceFilter@8bfe2e, org.springframework.security.web.header.HeaderWriterFilter@5b327b, org.springframework.security.web.csrf.CsrfFilter@6dde0b, org.springframework.security.web.authentication.logout.LogoutFilter@3c1b6c, org.springframework.security.oauth2.client.web.OAuth2AuthorizationRequestRedirectFilter@204813, org.springframework.security.oauth2.client.web.OAuth2AuthorizationRequestRedirectFilter@1e48707, org.springframework.security.oauth2.client.web.OAuth2LoginAuthenticationFilter@4c13da, org.springframework.security.web.authentication.ui.DefaultLoginPageGeneratingFilter@9db4ab, org.springframework.security.web.authentication.ui.DefaultLogoutPageGeneratingFilter@cf4a0f, org.springframework.security.web.savedrequest.RequestCacheAwareFilter@11263bb, org.springframework.security.web.servletapi.SecurityContextHolderAwareRequestFilter@af4688, org.springframework.security.web.authentication.AnonymousAuthenticationFilter@f06ad1, org.springframework.security.oauth2.client.web.OAuth2AuthorizationCodeGrantFilter@13df00f, org.springframework.security.web.session.SessionManagementFilter@9c3c7d, org.springframework.security.web.access.ExceptionTranslationFilter@9f3cb8, org.springframework.security.web.access.intercept.FilterSecurityInterceptor@1cec28b]
2021-01-08 17:13:31.230  INFO 31312 --- [    Test worker] o.s.b.t.m.w.SpringBootMockServletContext : Initializing Spring TestDispatcherServlet ''
2021-01-08 17:13:31.230  INFO 31312 --- [    Test worker] o.s.t.web.servlet.TestDispatcherServlet  : Initializing Servlet ''
2021-01-08 17:13:31.230  INFO 31312 --- [    Test worker] o.s.t.web.servlet.TestDispatcherServlet  : Completed initialization in 0 ms
2021-01-08 17:13:31.245  INFO 31312 --- [    Test worker] c.j.springbook.web.HelloControllerTest   : Started HelloControllerTest in 0.905 seconds (JVM running for 9.425)
]]></system-out>
  <system-err><![CDATA[]]></system-err>
</testsuite>
