<?xml version="1.0" encoding="UTF-8"?>
<testsuite name="com.jung.springbook.web.PostsApiControllerTest" tests="3" skipped="0" failures="0" errors="0" timestamp="2021-01-08T05:24:42" hostname="AS0-W-N02169" time="0.121">
  <properties/>
  <testcase name="Posts_등록된다()" classname="com.jung.springbook.web.PostsApiControllerTest" time="0.07"/>
  <testcase name="Posts_삭제된다()" classname="com.jung.springbook.web.PostsApiControllerTest" time="0.031"/>
  <testcase name="Posts_수정된다()" classname="com.jung.springbook.web.PostsApiControllerTest" time="0.018"/>
  <system-out><![CDATA[2021-01-08 14:24:42.743  INFO 27732 --- [    Test worker] .b.t.c.SpringBootTestContextBootstrapper : Neither @ContextConfiguration nor @ContextHierarchy found for test class [com.jung.springbook.web.PostsApiControllerTest], using SpringBootContextLoader
2021-01-08 14:24:42.744  INFO 27732 --- [    Test worker] o.s.t.c.support.AbstractContextLoader    : Could not detect default resource locations for test class [com.jung.springbook.web.PostsApiControllerTest]: no resource found for suffixes {-context.xml, Context.groovy}.
2021-01-08 14:24:42.744  INFO 27732 --- [    Test worker] t.c.s.AnnotationConfigContextLoaderUtils : Could not detect default configuration classes for test class [com.jung.springbook.web.PostsApiControllerTest]: PostsApiControllerTest does not declare any static, non-private, non-final, nested classes annotated with @Configuration.
2021-01-08 14:24:42.746  INFO 27732 --- [    Test worker] .b.t.c.SpringBootTestContextBootstrapper : Found @SpringBootConfiguration com.jung.springbook.Application for test class com.jung.springbook.web.PostsApiControllerTest
2021-01-08 14:24:42.748  INFO 27732 --- [    Test worker] .b.t.c.SpringBootTestContextBootstrapper : Loaded default TestExecutionListener class names from location [META-INF/spring.factories]: [org.springframework.security.test.context.support.WithSecurityContextTestExecutionListener, org.springframework.security.test.context.support.ReactorContextTestExecutionListener, org.springframework.boot.test.autoconfigure.restdocs.RestDocsTestExecutionListener, org.springframework.boot.test.autoconfigure.web.client.MockRestServiceServerResetTestExecutionListener, org.springframework.boot.test.autoconfigure.web.servlet.MockMvcPrintOnlyOnFailureTestExecutionListener, org.springframework.boot.test.autoconfigure.web.servlet.WebDriverTestExecutionListener, org.springframework.boot.test.autoconfigure.webservices.client.MockWebServiceServerTestExecutionListener, org.springframework.boot.test.mock.mockito.MockitoTestExecutionListener, org.springframework.boot.test.mock.mockito.ResetMocksTestExecutionListener, org.springframework.test.context.web.ServletTestExecutionListener, org.springframework.test.context.support.DirtiesContextBeforeModesTestExecutionListener, org.springframework.test.context.support.DependencyInjectionTestExecutionListener, org.springframework.test.context.support.DirtiesContextTestExecutionListener, org.springframework.test.context.transaction.TransactionalTestExecutionListener, org.springframework.test.context.jdbc.SqlScriptsTestExecutionListener, org.springframework.test.context.event.EventPublishingTestExecutionListener]
2021-01-08 14:24:42.749  INFO 27732 --- [    Test worker] .b.t.c.SpringBootTestContextBootstrapper : Using TestExecutionListeners: [org.springframework.test.context.web.ServletTestExecutionListener@621341, org.springframework.test.context.support.DirtiesContextBeforeModesTestExecutionListener@1b1b0e7, org.springframework.boot.test.mock.mockito.MockitoTestExecutionListener@1e2ed9f, org.springframework.boot.test.autoconfigure.SpringBootDependencyInjectionTestExecutionListener@364066, org.springframework.test.context.support.DirtiesContextTestExecutionListener@9ab03a, org.springframework.test.context.transaction.TransactionalTestExecutionListener@9e17c6, org.springframework.test.context.jdbc.SqlScriptsTestExecutionListener@d2939f, org.springframework.security.test.context.support.WithSecurityContextTestExecutionListener@cdd113, org.springframework.test.context.event.EventPublishingTestExecutionListener@1cfa890, org.springframework.security.test.context.support.ReactorContextTestExecutionListener@1e1ae88, org.springframework.boot.test.autoconfigure.restdocs.RestDocsTestExecutionListener@1078b40, org.springframework.boot.test.autoconfigure.web.client.MockRestServiceServerResetTestExecutionListener@13a923a, org.springframework.boot.test.autoconfigure.web.servlet.MockMvcPrintOnlyOnFailureTestExecutionListener@1c32ba5, org.springframework.boot.test.autoconfigure.web.servlet.WebDriverTestExecutionListener@15a44bb, org.springframework.boot.test.autoconfigure.webservices.client.MockWebServiceServerTestExecutionListener@92879b, org.springframework.boot.test.mock.mockito.ResetMocksTestExecutionListener@13c69b1]
2021-01-08 14:24:42.760  INFO 27732 --- [    Test worker] o.a.c.c.C.[Tomcat].[localhost].[/]       : Initializing Spring TestDispatcherServlet ''
2021-01-08 14:24:42.761  INFO 27732 --- [    Test worker] o.s.t.web.servlet.TestDispatcherServlet  : Initializing Servlet ''
2021-01-08 14:24:42.762  INFO 27732 --- [    Test worker] o.s.t.web.servlet.TestDispatcherServlet  : Completed initialization in 0 ms
2021-01-08 14:24:42.827  INFO 27732 --- [    Test worker] o.a.c.c.C.[Tomcat].[localhost].[/]       : Initializing Spring TestDispatcherServlet ''
2021-01-08 14:24:42.827  INFO 27732 --- [    Test worker] o.s.t.web.servlet.TestDispatcherServlet  : Initializing Servlet ''
2021-01-08 14:24:42.828  INFO 27732 --- [    Test worker] o.s.t.web.servlet.TestDispatcherServlet  : Completed initialization in 1 ms
2021-01-08 14:24:42.859  INFO 27732 --- [    Test worker] o.a.c.c.C.[Tomcat].[localhost].[/]       : Initializing Spring TestDispatcherServlet ''
2021-01-08 14:24:42.860  INFO 27732 --- [    Test worker] o.s.t.web.servlet.TestDispatcherServlet  : Initializing Servlet ''
2021-01-08 14:24:42.861  INFO 27732 --- [    Test worker] o.s.t.web.servlet.TestDispatcherServlet  : Completed initialization in 1 ms
]]></system-out>
  <system-err><![CDATA[]]></system-err>
</testsuite>
