<?xml version="1.0" encoding="UTF-8"?>
<testsuite name="com.jung.springbook.web.PostsApiControllerTest" tests="3" skipped="0" failures="0" errors="0" timestamp="2021-01-13T05:12:51" hostname="AS0-W-N02169" time="0.132">
  <properties/>
  <testcase name="Posts_등록된다()" classname="com.jung.springbook.web.PostsApiControllerTest" time="0.076"/>
  <testcase name="Posts_삭제된다()" classname="com.jung.springbook.web.PostsApiControllerTest" time="0.034"/>
  <testcase name="Posts_수정된다()" classname="com.jung.springbook.web.PostsApiControllerTest" time="0.019"/>
  <system-out><![CDATA[2021-01-13 14:12:51.810  INFO 2400 --- [    Test worker] .b.t.c.SpringBootTestContextBootstrapper : Neither @ContextConfiguration nor @ContextHierarchy found for test class [com.jung.springbook.web.PostsApiControllerTest], using SpringBootContextLoader
2021-01-13 14:12:51.811  INFO 2400 --- [    Test worker] o.s.t.c.support.AbstractContextLoader    : Could not detect default resource locations for test class [com.jung.springbook.web.PostsApiControllerTest]: no resource found for suffixes {-context.xml, Context.groovy}.
2021-01-13 14:12:51.811  INFO 2400 --- [    Test worker] t.c.s.AnnotationConfigContextLoaderUtils : Could not detect default configuration classes for test class [com.jung.springbook.web.PostsApiControllerTest]: PostsApiControllerTest does not declare any static, non-private, non-final, nested classes annotated with @Configuration.
2021-01-13 14:12:51.814  INFO 2400 --- [    Test worker] .b.t.c.SpringBootTestContextBootstrapper : Found @SpringBootConfiguration com.jung.springbook.Application for test class com.jung.springbook.web.PostsApiControllerTest
2021-01-13 14:12:51.816  INFO 2400 --- [    Test worker] .b.t.c.SpringBootTestContextBootstrapper : Loaded default TestExecutionListener class names from location [META-INF/spring.factories]: [org.springframework.security.test.context.support.WithSecurityContextTestExecutionListener, org.springframework.security.test.context.support.ReactorContextTestExecutionListener, org.springframework.boot.test.autoconfigure.restdocs.RestDocsTestExecutionListener, org.springframework.boot.test.autoconfigure.web.client.MockRestServiceServerResetTestExecutionListener, org.springframework.boot.test.autoconfigure.web.servlet.MockMvcPrintOnlyOnFailureTestExecutionListener, org.springframework.boot.test.autoconfigure.web.servlet.WebDriverTestExecutionListener, org.springframework.boot.test.autoconfigure.webservices.client.MockWebServiceServerTestExecutionListener, org.springframework.boot.test.mock.mockito.MockitoTestExecutionListener, org.springframework.boot.test.mock.mockito.ResetMocksTestExecutionListener, org.springframework.test.context.web.ServletTestExecutionListener, org.springframework.test.context.support.DirtiesContextBeforeModesTestExecutionListener, org.springframework.test.context.support.DependencyInjectionTestExecutionListener, org.springframework.test.context.support.DirtiesContextTestExecutionListener, org.springframework.test.context.transaction.TransactionalTestExecutionListener, org.springframework.test.context.jdbc.SqlScriptsTestExecutionListener, org.springframework.test.context.event.EventPublishingTestExecutionListener]
2021-01-13 14:12:51.817  INFO 2400 --- [    Test worker] .b.t.c.SpringBootTestContextBootstrapper : Using TestExecutionListeners: [org.springframework.test.context.web.ServletTestExecutionListener@cdd113, org.springframework.test.context.support.DirtiesContextBeforeModesTestExecutionListener@1cfa890, org.springframework.boot.test.mock.mockito.MockitoTestExecutionListener@1e1ae88, org.springframework.boot.test.autoconfigure.SpringBootDependencyInjectionTestExecutionListener@1078b40, org.springframework.test.context.support.DirtiesContextTestExecutionListener@13a923a, org.springframework.test.context.transaction.TransactionalTestExecutionListener@1c32ba5, org.springframework.test.context.jdbc.SqlScriptsTestExecutionListener@15a44bb, org.springframework.security.test.context.support.WithSecurityContextTestExecutionListener@92879b, org.springframework.test.context.event.EventPublishingTestExecutionListener@13c69b1, org.springframework.security.test.context.support.ReactorContextTestExecutionListener@118f3f0, org.springframework.boot.test.autoconfigure.restdocs.RestDocsTestExecutionListener@1a0074, org.springframework.boot.test.autoconfigure.web.client.MockRestServiceServerResetTestExecutionListener@1aeeb3, org.springframework.boot.test.autoconfigure.web.servlet.MockMvcPrintOnlyOnFailureTestExecutionListener@b77420, org.springframework.boot.test.autoconfigure.web.servlet.WebDriverTestExecutionListener@7291f5, org.springframework.boot.test.autoconfigure.webservices.client.MockWebServiceServerTestExecutionListener@43312f, org.springframework.boot.test.mock.mockito.ResetMocksTestExecutionListener@1ad34e2]
2021-01-13 14:12:51.829  INFO 2400 --- [    Test worker] o.a.c.c.C.[Tomcat].[localhost].[/]       : Initializing Spring TestDispatcherServlet ''
2021-01-13 14:12:51.829  INFO 2400 --- [    Test worker] o.s.t.web.servlet.TestDispatcherServlet  : Initializing Servlet ''
2021-01-13 14:12:51.830  INFO 2400 --- [    Test worker] o.s.t.web.servlet.TestDispatcherServlet  : Completed initialization in 1 ms
2021-01-13 14:12:51.901  INFO 2400 --- [    Test worker] o.a.c.c.C.[Tomcat].[localhost].[/]       : Initializing Spring TestDispatcherServlet ''
2021-01-13 14:12:51.902  INFO 2400 --- [    Test worker] o.s.t.web.servlet.TestDispatcherServlet  : Initializing Servlet ''
2021-01-13 14:12:51.903  INFO 2400 --- [    Test worker] o.s.t.web.servlet.TestDispatcherServlet  : Completed initialization in 1 ms
2021-01-13 14:12:51.938  INFO 2400 --- [    Test worker] o.a.c.c.C.[Tomcat].[localhost].[/]       : Initializing Spring TestDispatcherServlet ''
2021-01-13 14:12:51.938  INFO 2400 --- [    Test worker] o.s.t.web.servlet.TestDispatcherServlet  : Initializing Servlet ''
2021-01-13 14:12:51.940  INFO 2400 --- [    Test worker] o.s.t.web.servlet.TestDispatcherServlet  : Completed initialization in 2 ms
]]></system-out>
  <system-err><![CDATA[]]></system-err>
</testsuite>
