<?xml version="1.0" encoding="UTF-8"?>
<testsuite name="com.jung.springbook.web.HelloControllerTest" tests="2" skipped="0" failures="0" errors="0" timestamp="2021-01-11T10:06:53" hostname="DESKTOP-6GQEKR1" time="0.341">
  <properties/>
  <testcase name="hello가_리턴된다()" classname="com.jung.springbook.web.HelloControllerTest" time="0.132"/>
  <testcase name="helloDto가_리턴된다()" classname="com.jung.springbook.web.HelloControllerTest" time="0.206"/>
  <system-out><![CDATA[2021-01-11 19:06:51.774  INFO 7116 --- [    Test worker] .b.t.a.w.s.WebMvcTestContextBootstrapper : Neither @ContextConfiguration nor @ContextHierarchy found for test class [com.jung.springbook.web.HelloControllerTest], using SpringBootContextLoader
2021-01-11 19:06:51.775  INFO 7116 --- [    Test worker] o.s.t.c.support.AbstractContextLoader    : Could not detect default resource locations for test class [com.jung.springbook.web.HelloControllerTest]: no resource found for suffixes {-context.xml, Context.groovy}.
2021-01-11 19:06:51.775  INFO 7116 --- [    Test worker] t.c.s.AnnotationConfigContextLoaderUtils : Could not detect default configuration classes for test class [com.jung.springbook.web.HelloControllerTest]: HelloControllerTest does not declare any static, non-private, non-final, nested classes annotated with @Configuration.
2021-01-11 19:06:51.859  INFO 7116 --- [    Test worker] .b.t.c.SpringBootTestContextBootstrapper : Found @SpringBootConfiguration com.jung.springbook.Application for test class com.jung.springbook.web.HelloControllerTest
2021-01-11 19:06:51.862  INFO 7116 --- [    Test worker] .b.t.a.w.s.WebMvcTestContextBootstrapper : Loaded default TestExecutionListener class names from location [META-INF/spring.factories]: [org.springframework.security.test.context.support.WithSecurityContextTestExecutionListener, org.springframework.security.test.context.support.ReactorContextTestExecutionListener, org.springframework.boot.test.autoconfigure.restdocs.RestDocsTestExecutionListener, org.springframework.boot.test.autoconfigure.web.client.MockRestServiceServerResetTestExecutionListener, org.springframework.boot.test.autoconfigure.web.servlet.MockMvcPrintOnlyOnFailureTestExecutionListener, org.springframework.boot.test.autoconfigure.web.servlet.WebDriverTestExecutionListener, org.springframework.boot.test.autoconfigure.webservices.client.MockWebServiceServerTestExecutionListener, org.springframework.boot.test.mock.mockito.MockitoTestExecutionListener, org.springframework.boot.test.mock.mockito.ResetMocksTestExecutionListener, org.springframework.test.context.web.ServletTestExecutionListener, org.springframework.test.context.support.DirtiesContextBeforeModesTestExecutionListener, org.springframework.test.context.support.DependencyInjectionTestExecutionListener, org.springframework.test.context.support.DirtiesContextTestExecutionListener, org.springframework.test.context.transaction.TransactionalTestExecutionListener, org.springframework.test.context.jdbc.SqlScriptsTestExecutionListener, org.springframework.test.context.event.EventPublishingTestExecutionListener]
2021-01-11 19:06:51.869  INFO 7116 --- [    Test worker] .b.t.a.w.s.WebMvcTestContextBootstrapper : Using TestExecutionListeners: [org.springframework.test.context.web.ServletTestExecutionListener@1c73d7ef, org.springframework.test.context.support.DirtiesContextBeforeModesTestExecutionListener@4c806cbf, org.springframework.boot.test.mock.mockito.MockitoTestExecutionListener@65bb42f7, org.springframework.boot.test.autoconfigure.SpringBootDependencyInjectionTestExecutionListener@6f7a4cd8, org.springframework.test.context.support.DirtiesContextTestExecutionListener@6db43277, org.springframework.test.context.transaction.TransactionalTestExecutionListener@221e5eea, org.springframework.test.context.jdbc.SqlScriptsTestExecutionListener@1d0d1ca4, org.springframework.security.test.context.support.WithSecurityContextTestExecutionListener@202c8f51, org.springframework.test.context.event.EventPublishingTestExecutionListener@6c4726a9, org.springframework.security.test.context.support.ReactorContextTestExecutionListener@3cfeccc5, org.springframework.boot.test.autoconfigure.restdocs.RestDocsTestExecutionListener@49631fc2, org.springframework.boot.test.autoconfigure.web.client.MockRestServiceServerResetTestExecutionListener@d7147b8, org.springframework.boot.test.autoconfigure.web.servlet.MockMvcPrintOnlyOnFailureTestExecutionListener@58565ad1, org.springframework.boot.test.autoconfigure.web.servlet.WebDriverTestExecutionListener@12042dfa, org.springframework.boot.test.autoconfigure.webservices.client.MockWebServiceServerTestExecutionListener@43c8ad77, org.springframework.boot.test.mock.mockito.ResetMocksTestExecutionListener@44037e31]

  .   ____          _            __ _ _
 /\\ / ___'_ __ _ _(_)_ __  __ _ \ \ \ \
( ( )\___ | '_ | '_| | '_ \/ _` | \ \ \ \
 \\/  ___)| |_)| | | | | || (_| |  ) ) ) )
  '  |____| .__|_| |_|_| |_\__, | / / / /
 =========|_|==============|___/=/_/_/_/
 :: Spring Boot ::                (v2.4.1)

2021-01-11 19:06:51.955  INFO 7116 --- [    Test worker] c.j.springbook.web.HelloControllerTest   : Starting HelloControllerTest using Java 1.8.0_261 on DESKTOP-6GQEKR1 with PID 7116 (started by JUNG in C:\Users\JUNG\IdeaProjects\jung-springbook)
2021-01-11 19:06:51.956  INFO 7116 --- [    Test worker] c.j.springbook.web.HelloControllerTest   : No active profile set, falling back to default profiles: default
2021-01-11 19:06:52.579  INFO 7116 --- [    Test worker] o.s.s.concurrent.ThreadPoolTaskExecutor  : Initializing ExecutorService 'applicationTaskExecutor'
2021-01-11 19:06:52.629  INFO 7116 --- [    Test worker] o.s.b.a.w.s.WelcomePageHandlerMapping    : Adding welcome page template: index
2021-01-11 19:06:53.499  INFO 7116 --- [    Test worker] o.s.s.web.DefaultSecurityFilterChain     : Will secure any request with [org.springframework.security.web.context.request.async.WebAsyncManagerIntegrationFilter@31fae5e1, org.springframework.security.web.context.SecurityContextPersistenceFilter@18897b9d, org.springframework.security.web.header.HeaderWriterFilter@7d94762c, org.springframework.security.web.csrf.CsrfFilter@4829a8af, org.springframework.security.web.authentication.logout.LogoutFilter@55bd3b6e, org.springframework.security.oauth2.client.web.OAuth2AuthorizationRequestRedirectFilter@797e2f8e, org.springframework.security.oauth2.client.web.OAuth2AuthorizationRequestRedirectFilter@58c754e8, org.springframework.security.oauth2.client.web.OAuth2LoginAuthenticationFilter@396956c9, org.springframework.security.web.authentication.ui.DefaultLoginPageGeneratingFilter@3d02cc1d, org.springframework.security.web.authentication.ui.DefaultLogoutPageGeneratingFilter@1c797c80, org.springframework.security.web.savedrequest.RequestCacheAwareFilter@4e84da6e, org.springframework.security.web.servletapi.SecurityContextHolderAwareRequestFilter@107ff084, org.springframework.security.web.authentication.AnonymousAuthenticationFilter@1133d302, org.springframework.security.oauth2.client.web.OAuth2AuthorizationCodeGrantFilter@6b9ccb76, org.springframework.security.web.session.SessionManagementFilter@78fdc5e1, org.springframework.security.web.access.ExceptionTranslationFilter@4bd3b10b, org.springframework.security.web.access.intercept.FilterSecurityInterceptor@1c0a055e]
2021-01-11 19:06:53.802  INFO 7116 --- [    Test worker] o.s.b.t.m.w.SpringBootMockServletContext : Initializing Spring TestDispatcherServlet ''
2021-01-11 19:06:53.803  INFO 7116 --- [    Test worker] o.s.t.web.servlet.TestDispatcherServlet  : Initializing Servlet ''
2021-01-11 19:06:53.861  INFO 7116 --- [    Test worker] o.s.t.web.servlet.TestDispatcherServlet  : Completed initialization in 58 ms
2021-01-11 19:06:53.919  INFO 7116 --- [    Test worker] c.j.springbook.web.HelloControllerTest   : Started HelloControllerTest in 2.041 seconds (JVM running for 11.508)
]]></system-out>
  <system-err><![CDATA[]]></system-err>
</testsuite>
