<?xml version="1.0" encoding="UTF-8"?>
<testsuite name="com.jung.springbook.web.HelloControllerTest" tests="2" skipped="0" failures="0" errors="0" timestamp="2021-01-07T00:55:05" hostname="jung-springbook" time="0.382">
  <properties/>
  <testcase name="hello가_리턴된다" classname="com.jung.springbook.web.HelloControllerTest" time="0.218"/>
  <testcase name="helloDto가_리턴된다" classname="com.jung.springbook.web.HelloControllerTest" time="0.163"/>
  <system-out><![CDATA[2021-01-07 09:55:03.570  INFO 9986 --- [    Test worker] .b.t.a.w.s.WebMvcTestContextBootstrapper : Neither @ContextConfiguration nor @ContextHierarchy found for test class [com.jung.springbook.web.HelloControllerTest], using SpringBootContextLoader
2021-01-07 09:55:03.570  INFO 9986 --- [    Test worker] o.s.t.c.support.AbstractContextLoader    : Could not detect default resource locations for test class [com.jung.springbook.web.HelloControllerTest]: no resource found for suffixes {-context.xml, Context.groovy}.
2021-01-07 09:55:03.570  INFO 9986 --- [    Test worker] t.c.s.AnnotationConfigContextLoaderUtils : Could not detect default configuration classes for test class [com.jung.springbook.web.HelloControllerTest]: HelloControllerTest does not declare any static, non-private, non-final, nested classes annotated with @Configuration.
2021-01-07 09:55:03.606  INFO 9986 --- [    Test worker] .b.t.c.SpringBootTestContextBootstrapper : Found @SpringBootConfiguration com.jung.springbook.Application for test class com.jung.springbook.web.HelloControllerTest
2021-01-07 09:55:03.618  INFO 9986 --- [    Test worker] .b.t.a.w.s.WebMvcTestContextBootstrapper : Loaded default TestExecutionListener class names from location [META-INF/spring.factories]: [org.springframework.security.test.context.support.WithSecurityContextTestExecutionListener, org.springframework.security.test.context.support.ReactorContextTestExecutionListener, org.springframework.boot.test.autoconfigure.restdocs.RestDocsTestExecutionListener, org.springframework.boot.test.autoconfigure.web.client.MockRestServiceServerResetTestExecutionListener, org.springframework.boot.test.autoconfigure.web.servlet.MockMvcPrintOnlyOnFailureTestExecutionListener, org.springframework.boot.test.autoconfigure.web.servlet.WebDriverTestExecutionListener, org.springframework.boot.test.mock.mockito.MockitoTestExecutionListener, org.springframework.boot.test.mock.mockito.ResetMocksTestExecutionListener, org.springframework.test.context.web.ServletTestExecutionListener, org.springframework.test.context.support.DirtiesContextBeforeModesTestExecutionListener, org.springframework.test.context.support.DependencyInjectionTestExecutionListener, org.springframework.test.context.support.DirtiesContextTestExecutionListener, org.springframework.test.context.transaction.TransactionalTestExecutionListener, org.springframework.test.context.jdbc.SqlScriptsTestExecutionListener]
2021-01-07 09:55:03.621  INFO 9986 --- [    Test worker] .b.t.a.w.s.WebMvcTestContextBootstrapper : Using TestExecutionListeners: [org.springframework.test.context.web.ServletTestExecutionListener@2971f615, org.springframework.test.context.support.DirtiesContextBeforeModesTestExecutionListener@2886f569, org.springframework.boot.test.mock.mockito.MockitoTestExecutionListener@427f9f40, org.springframework.boot.test.autoconfigure.SpringBootDependencyInjectionTestExecutionListener@56ad7217, org.springframework.test.context.support.DirtiesContextTestExecutionListener@704af789, org.springframework.test.context.transaction.TransactionalTestExecutionListener@6f787954, org.springframework.test.context.jdbc.SqlScriptsTestExecutionListener@51c37e64, org.springframework.security.test.context.support.WithSecurityContextTestExecutionListener@6c439381, org.springframework.security.test.context.support.ReactorContextTestExecutionListener@4b12d73f, org.springframework.boot.test.autoconfigure.restdocs.RestDocsTestExecutionListener@678ca5d0, org.springframework.boot.test.autoconfigure.web.client.MockRestServiceServerResetTestExecutionListener@2d76d71b, org.springframework.boot.test.autoconfigure.web.servlet.MockMvcPrintOnlyOnFailureTestExecutionListener@5dd996af, org.springframework.boot.test.autoconfigure.web.servlet.WebDriverTestExecutionListener@2f1904, org.springframework.boot.test.mock.mockito.ResetMocksTestExecutionListener@20f9ef4]

  .   ____          _            __ _ _
 /\\ / ___'_ __ _ _(_)_ __  __ _ \ \ \ \
( ( )\___ | '_ | '_| | '_ \/ _` | \ \ \ \
 \\/  ___)| |_)| | | | | || (_| |  ) ) ) )
  '  |____| .__|_| |_|_| |_\__, | / / / /
 =========|_|==============|___/=/_/_/_/
 :: Spring Boot ::        (v2.1.7.RELEASE)

2021-01-07 09:55:03.691  INFO 9986 --- [    Test worker] c.j.springbook.web.HelloControllerTest   : Starting HelloControllerTest on jung-springbook with PID 9986 (started by ec2-user in /home/ec2-user/app/step1/jung-springbook)
2021-01-07 09:55:03.697  INFO 9986 --- [    Test worker] c.j.springbook.web.HelloControllerTest   : The following profiles are active: oauth
2021-01-07 09:55:04.670  INFO 9986 --- [    Test worker] o.s.s.concurrent.ThreadPoolTaskExecutor  : Initializing ExecutorService 'applicationTaskExecutor'
2021-01-07 09:55:04.834  INFO 9986 --- [    Test worker] o.s.b.a.w.s.WelcomePageHandlerMapping    : Adding welcome page template: index
2021-01-07 09:55:05.248  INFO 9986 --- [    Test worker] .s.s.UserDetailsServiceAutoConfiguration : 

Using generated security password: 5454f011-e79e-486b-b291-84d39086aeed

2021-01-07 09:55:05.472  INFO 9986 --- [    Test worker] o.s.s.web.DefaultSecurityFilterChain     : Creating filter chain: any request, [org.springframework.security.web.context.request.async.WebAsyncManagerIntegrationFilter@21111422, org.springframework.security.web.context.SecurityContextPersistenceFilter@6f4fa9de, org.springframework.security.web.header.HeaderWriterFilter@10d04ebe, org.springframework.security.web.csrf.CsrfFilter@7dcf7547, org.springframework.security.web.authentication.logout.LogoutFilter@3b79ee89, org.springframework.security.web.authentication.UsernamePasswordAuthenticationFilter@d221a5a, org.springframework.security.web.authentication.ui.DefaultLoginPageGeneratingFilter@7657e8e, org.springframework.security.web.authentication.ui.DefaultLogoutPageGeneratingFilter@10c93ed3, org.springframework.security.web.authentication.www.BasicAuthenticationFilter@3a828a6b, org.springframework.security.web.savedrequest.RequestCacheAwareFilter@2874979d, org.springframework.security.web.servletapi.SecurityContextHolderAwareRequestFilter@74f8f036, org.springframework.security.web.authentication.AnonymousAuthenticationFilter@1d7def37, org.springframework.security.web.session.SessionManagementFilter@5057df07, org.springframework.security.web.access.ExceptionTranslationFilter@3d2f215e, org.springframework.security.web.access.intercept.FilterSecurityInterceptor@5a89db36]
2021-01-07 09:55:05.537  INFO 9986 --- [    Test worker] o.s.b.t.m.w.SpringBootMockServletContext : Initializing Spring TestDispatcherServlet ''
2021-01-07 09:55:05.538  INFO 9986 --- [    Test worker] o.s.t.web.servlet.TestDispatcherServlet  : Initializing Servlet ''
2021-01-07 09:55:05.556  INFO 9986 --- [    Test worker] o.s.t.web.servlet.TestDispatcherServlet  : Completed initialization in 18 ms
2021-01-07 09:55:05.619  INFO 9986 --- [    Test worker] c.j.springbook.web.HelloControllerTest   : Started HelloControllerTest in 1.994 seconds (JVM running for 33.622)
]]></system-out>
  <system-err><![CDATA[]]></system-err>
</testsuite>
