<?xml version="1.0" encoding="UTF-8"?>
<testsuite name="com.jung.springbook.web.HelloControllerTest" tests="2" skipped="0" failures="0" errors="0" timestamp="2021-01-15T01:58:16" hostname="AS0-W-N02169" time="0.18">
  <properties/>
  <testcase name="hello가_리턴된다()" classname="com.jung.springbook.web.HelloControllerTest" time="0.084"/>
  <testcase name="helloDto가_리턴된다()" classname="com.jung.springbook.web.HelloControllerTest" time="0.095"/>
  <system-out><![CDATA[2021-01-15 10:58:16.112  INFO 19128 --- [    Test worker] .b.t.a.w.s.WebMvcTestContextBootstrapper : Neither @ContextConfiguration nor @ContextHierarchy found for test class [com.jung.springbook.web.HelloControllerTest], using SpringBootContextLoader
2021-01-15 10:58:16.113  INFO 19128 --- [    Test worker] o.s.t.c.support.AbstractContextLoader    : Could not detect default resource locations for test class [com.jung.springbook.web.HelloControllerTest]: no resource found for suffixes {-context.xml, Context.groovy}.
2021-01-15 10:58:16.113  INFO 19128 --- [    Test worker] t.c.s.AnnotationConfigContextLoaderUtils : Could not detect default configuration classes for test class [com.jung.springbook.web.HelloControllerTest]: HelloControllerTest does not declare any static, non-private, non-final, nested classes annotated with @Configuration.
2021-01-15 10:58:16.135  INFO 19128 --- [    Test worker] .b.t.c.SpringBootTestContextBootstrapper : Found @SpringBootConfiguration com.jung.springbook.Application for test class com.jung.springbook.web.HelloControllerTest
2021-01-15 10:58:16.136  INFO 19128 --- [    Test worker] .b.t.a.w.s.WebMvcTestContextBootstrapper : Loaded default TestExecutionListener class names from location [META-INF/spring.factories]: [org.springframework.security.test.context.support.WithSecurityContextTestExecutionListener, org.springframework.security.test.context.support.ReactorContextTestExecutionListener, org.springframework.boot.test.autoconfigure.restdocs.RestDocsTestExecutionListener, org.springframework.boot.test.autoconfigure.web.client.MockRestServiceServerResetTestExecutionListener, org.springframework.boot.test.autoconfigure.web.servlet.MockMvcPrintOnlyOnFailureTestExecutionListener, org.springframework.boot.test.autoconfigure.web.servlet.WebDriverTestExecutionListener, org.springframework.boot.test.autoconfigure.webservices.client.MockWebServiceServerTestExecutionListener, org.springframework.boot.test.mock.mockito.MockitoTestExecutionListener, org.springframework.boot.test.mock.mockito.ResetMocksTestExecutionListener, org.springframework.test.context.web.ServletTestExecutionListener, org.springframework.test.context.support.DirtiesContextBeforeModesTestExecutionListener, org.springframework.test.context.support.DependencyInjectionTestExecutionListener, org.springframework.test.context.support.DirtiesContextTestExecutionListener, org.springframework.test.context.transaction.TransactionalTestExecutionListener, org.springframework.test.context.jdbc.SqlScriptsTestExecutionListener, org.springframework.test.context.event.EventPublishingTestExecutionListener]
2021-01-15 10:58:16.138  INFO 19128 --- [    Test worker] .b.t.a.w.s.WebMvcTestContextBootstrapper : Using TestExecutionListeners: [org.springframework.test.context.web.ServletTestExecutionListener@3a4b2a, org.springframework.test.context.support.DirtiesContextBeforeModesTestExecutionListener@1826d52, org.springframework.boot.test.mock.mockito.MockitoTestExecutionListener@13ab2b3, org.springframework.boot.test.autoconfigure.SpringBootDependencyInjectionTestExecutionListener@16844c3, org.springframework.test.context.support.DirtiesContextTestExecutionListener@1653a5f, org.springframework.test.context.transaction.TransactionalTestExecutionListener@14b249c, org.springframework.test.context.jdbc.SqlScriptsTestExecutionListener@116b2ac, org.springframework.security.test.context.support.WithSecurityContextTestExecutionListener@2fadd1, org.springframework.test.context.event.EventPublishingTestExecutionListener@eadb49, org.springframework.security.test.context.support.ReactorContextTestExecutionListener@417d4c, org.springframework.boot.test.autoconfigure.restdocs.RestDocsTestExecutionListener@1839fa, org.springframework.boot.test.autoconfigure.web.client.MockRestServiceServerResetTestExecutionListener@13c538d, org.springframework.boot.test.autoconfigure.web.servlet.MockMvcPrintOnlyOnFailureTestExecutionListener@130f270, org.springframework.boot.test.autoconfigure.web.servlet.WebDriverTestExecutionListener@3e4187, org.springframework.boot.test.autoconfigure.webservices.client.MockWebServiceServerTestExecutionListener@15c6e93, org.springframework.boot.test.mock.mockito.ResetMocksTestExecutionListener@ff28e]

  .   ____          _            __ _ _
 /\\ / ___'_ __ _ _(_)_ __  __ _ \ \ \ \
( ( )\___ | '_ | '_| | '_ \/ _` | \ \ \ \
 \\/  ___)| |_)| | | | | || (_| |  ) ) ) )
  '  |____| .__|_| |_|_| |_\__, | / / / /
 =========|_|==============|___/=/_/_/_/
 :: Spring Boot ::                (v2.4.1)

2021-01-15 10:58:16.162  INFO 19128 --- [    Test worker] c.j.springbook.web.HelloControllerTest   : Starting HelloControllerTest using Java 1.8.0_201 on AS0-W-N02169 with PID 19128 (started by FAS00143 in D:\정이\jung-springbook)
2021-01-15 10:58:16.163  INFO 19128 --- [    Test worker] c.j.springbook.web.HelloControllerTest   : No active profile set, falling back to default profiles: default
2021-01-15 10:58:16.490  INFO 19128 --- [    Test worker] o.s.s.concurrent.ThreadPoolTaskExecutor  : Initializing ExecutorService 'applicationTaskExecutor'
2021-01-15 10:58:16.531  INFO 19128 --- [    Test worker] o.s.b.a.w.s.WelcomePageHandlerMapping    : Adding welcome page template: index
2021-01-15 10:58:16.812  INFO 19128 --- [    Test worker] o.s.s.web.DefaultSecurityFilterChain     : Will secure any request with [org.springframework.security.web.context.request.async.WebAsyncManagerIntegrationFilter@10588a1, org.springframework.security.web.context.SecurityContextPersistenceFilter@360404, org.springframework.security.web.header.HeaderWriterFilter@1a8c3aa, org.springframework.security.web.csrf.CsrfFilter@306012, org.springframework.security.web.authentication.logout.LogoutFilter@82ce26, org.springframework.security.oauth2.client.web.OAuth2AuthorizationRequestRedirectFilter@986643, org.springframework.security.oauth2.client.web.OAuth2AuthorizationRequestRedirectFilter@16110b4, org.springframework.security.oauth2.client.web.OAuth2LoginAuthenticationFilter@14e375c, org.springframework.security.web.authentication.ui.DefaultLoginPageGeneratingFilter@c21bf8, org.springframework.security.web.authentication.ui.DefaultLogoutPageGeneratingFilter@913801, org.springframework.security.web.savedrequest.RequestCacheAwareFilter@1947355, org.springframework.security.web.servletapi.SecurityContextHolderAwareRequestFilter@cc48de, org.springframework.security.web.authentication.AnonymousAuthenticationFilter@68f3c0, org.springframework.security.oauth2.client.web.OAuth2AuthorizationCodeGrantFilter@90ad1, org.springframework.security.web.session.SessionManagementFilter@eb163d, org.springframework.security.web.access.ExceptionTranslationFilter@1ddd41b, org.springframework.security.web.access.intercept.FilterSecurityInterceptor@1cd566c]
2021-01-15 10:58:16.893  INFO 19128 --- [    Test worker] o.s.b.t.m.w.SpringBootMockServletContext : Initializing Spring TestDispatcherServlet ''
2021-01-15 10:58:16.893  INFO 19128 --- [    Test worker] o.s.t.web.servlet.TestDispatcherServlet  : Initializing Servlet ''
2021-01-15 10:58:16.894  INFO 19128 --- [    Test worker] o.s.t.web.servlet.TestDispatcherServlet  : Completed initialization in 1 ms
2021-01-15 10:58:16.912  INFO 19128 --- [    Test worker] c.j.springbook.web.HelloControllerTest   : Started HelloControllerTest in 0.772 seconds (JVM running for 8.266)
]]></system-out>
  <system-err><![CDATA[]]></system-err>
</testsuite>
