<?xml version="1.0" encoding="UTF-8"?>
<testsuite name="com.jung.springbook.web.IndexControllerTest" tests="1" skipped="0" failures="0" errors="0" timestamp="2021-01-08T02:27:47" hostname="AS0-W-N02169" time="0.234">
  <properties/>
  <testcase name="메인페이지_로딩()" classname="com.jung.springbook.web.IndexControllerTest" time="0.234"/>
  <system-out><![CDATA[2021-01-08 11:27:44.690  INFO 32112 --- [    Test worker] .b.t.c.SpringBootTestContextBootstrapper : Neither @ContextConfiguration nor @ContextHierarchy found for test class [com.jung.springbook.web.IndexControllerTest], using SpringBootContextLoader
2021-01-08 11:27:44.691  INFO 32112 --- [    Test worker] o.s.t.c.support.AbstractContextLoader    : Could not detect default resource locations for test class [com.jung.springbook.web.IndexControllerTest]: no resource found for suffixes {-context.xml, Context.groovy}.
2021-01-08 11:27:44.692  INFO 32112 --- [    Test worker] t.c.s.AnnotationConfigContextLoaderUtils : Could not detect default configuration classes for test class [com.jung.springbook.web.IndexControllerTest]: IndexControllerTest does not declare any static, non-private, non-final, nested classes annotated with @Configuration.
2021-01-08 11:27:44.694  INFO 32112 --- [    Test worker] .b.t.c.SpringBootTestContextBootstrapper : Found @SpringBootConfiguration com.jung.springbook.Application for test class com.jung.springbook.web.IndexControllerTest
2021-01-08 11:27:44.697  INFO 32112 --- [    Test worker] .b.t.c.SpringBootTestContextBootstrapper : Loaded default TestExecutionListener class names from location [META-INF/spring.factories]: [org.springframework.security.test.context.support.WithSecurityContextTestExecutionListener, org.springframework.security.test.context.support.ReactorContextTestExecutionListener, org.springframework.boot.test.autoconfigure.restdocs.RestDocsTestExecutionListener, org.springframework.boot.test.autoconfigure.web.client.MockRestServiceServerResetTestExecutionListener, org.springframework.boot.test.autoconfigure.web.servlet.MockMvcPrintOnlyOnFailureTestExecutionListener, org.springframework.boot.test.autoconfigure.web.servlet.WebDriverTestExecutionListener, org.springframework.boot.test.autoconfigure.webservices.client.MockWebServiceServerTestExecutionListener, org.springframework.boot.test.mock.mockito.MockitoTestExecutionListener, org.springframework.boot.test.mock.mockito.ResetMocksTestExecutionListener, org.springframework.test.context.web.ServletTestExecutionListener, org.springframework.test.context.support.DirtiesContextBeforeModesTestExecutionListener, org.springframework.test.context.support.DependencyInjectionTestExecutionListener, org.springframework.test.context.support.DirtiesContextTestExecutionListener, org.springframework.test.context.transaction.TransactionalTestExecutionListener, org.springframework.test.context.jdbc.SqlScriptsTestExecutionListener, org.springframework.test.context.event.EventPublishingTestExecutionListener]
2021-01-08 11:27:44.698  INFO 32112 --- [    Test worker] .b.t.c.SpringBootTestContextBootstrapper : Using TestExecutionListeners: [org.springframework.test.context.web.ServletTestExecutionListener@a071bc, org.springframework.test.context.support.DirtiesContextBeforeModesTestExecutionListener@a38645, org.springframework.boot.test.mock.mockito.MockitoTestExecutionListener@9552c4, org.springframework.boot.test.autoconfigure.SpringBootDependencyInjectionTestExecutionListener@1ec6652, org.springframework.test.context.support.DirtiesContextTestExecutionListener@5ad742, org.springframework.test.context.transaction.TransactionalTestExecutionListener@75f6e2, org.springframework.test.context.jdbc.SqlScriptsTestExecutionListener@ce8eda, org.springframework.security.test.context.support.WithSecurityContextTestExecutionListener@1ab8e7, org.springframework.test.context.event.EventPublishingTestExecutionListener@de80a1, org.springframework.security.test.context.support.ReactorContextTestExecutionListener@1ffbffe, org.springframework.boot.test.autoconfigure.restdocs.RestDocsTestExecutionListener@1c75e45, org.springframework.boot.test.autoconfigure.web.client.MockRestServiceServerResetTestExecutionListener@31141a, org.springframework.boot.test.autoconfigure.web.servlet.MockMvcPrintOnlyOnFailureTestExecutionListener@c45575, org.springframework.boot.test.autoconfigure.web.servlet.WebDriverTestExecutionListener@d5c, org.springframework.boot.test.autoconfigure.webservices.client.MockWebServiceServerTestExecutionListener@1b6416f, org.springframework.boot.test.mock.mockito.ResetMocksTestExecutionListener@13d0bc7]

  .   ____          _            __ _ _
 /\\ / ___'_ __ _ _(_)_ __  __ _ \ \ \ \
( ( )\___ | '_ | '_| | '_ \/ _` | \ \ \ \
 \\/  ___)| |_)| | | | | || (_| |  ) ) ) )
  '  |____| .__|_| |_|_| |_\__, | / / / /
 =========|_|==============|___/=/_/_/_/
 :: Spring Boot ::                (v2.4.1)

2021-01-08 11:27:44.730  INFO 32112 --- [    Test worker] c.j.springbook.web.IndexControllerTest   : Starting IndexControllerTest using Java 1.8.0_201 on AS0-W-N02169 with PID 32112 (started by FAS00143 in D:\정이\jung-springbook)
2021-01-08 11:27:44.731  INFO 32112 --- [    Test worker] c.j.springbook.web.IndexControllerTest   : No active profile set, falling back to default profiles: default
2021-01-08 11:27:44.967  INFO 32112 --- [    Test worker] .s.d.r.c.RepositoryConfigurationDelegate : Bootstrapping Spring Data JPA repositories in DEFAULT mode.
2021-01-08 11:27:44.985  INFO 32112 --- [    Test worker] .s.d.r.c.RepositoryConfigurationDelegate : Finished Spring Data repository scanning in 17 ms. Found 2 JPA repository interfaces.
2021-01-08 11:27:45.325  INFO 32112 --- [    Test worker] o.s.b.w.embedded.tomcat.TomcatWebServer  : Tomcat initialized with port(s): 0 (http)
2021-01-08 11:27:45.345  INFO 32112 --- [    Test worker] o.apache.catalina.core.StandardService   : Starting service [Tomcat]
2021-01-08 11:27:45.345  INFO 32112 --- [    Test worker] org.apache.catalina.core.StandardEngine  : Starting Servlet engine: [Apache Tomcat/9.0.41]
2021-01-08 11:27:45.536  INFO 32112 --- [    Test worker] o.a.c.c.C.[Tomcat].[localhost].[/]       : Initializing Spring embedded WebApplicationContext
2021-01-08 11:27:45.537  INFO 32112 --- [    Test worker] w.s.c.ServletWebServerApplicationContext : Root WebApplicationContext: initialization completed in 803 ms
2021-01-08 11:27:45.719  INFO 32112 --- [    Test worker] com.zaxxer.hikari.HikariDataSource       : HikariPool-2 - Starting...
2021-01-08 11:27:45.720  INFO 32112 --- [    Test worker] com.zaxxer.hikari.HikariDataSource       : HikariPool-2 - Start completed.
2021-01-08 11:27:45.754  INFO 32112 --- [    Test worker] o.hibernate.jpa.internal.util.LogHelper  : HHH000204: Processing PersistenceUnitInfo [name: default]
2021-01-08 11:27:45.760  INFO 32112 --- [    Test worker] org.hibernate.dialect.Dialect            : HHH000400: Using dialect: org.hibernate.dialect.MySQL57Dialect
2021-01-08 11:27:45.819  INFO 32112 --- [    Test worker] o.h.e.t.j.p.i.JtaPlatformInitiator       : HHH000490: Using JtaPlatform implementation: [org.hibernate.engine.transaction.jta.platform.internal.NoJtaPlatform]
2021-01-08 11:27:45.819  INFO 32112 --- [    Test worker] j.LocalContainerEntityManagerFactoryBean : Initialized JPA EntityManagerFactory for persistence unit 'default'
2021-01-08 11:27:46.115  WARN 32112 --- [    Test worker] JpaBaseConfiguration$JpaWebConfiguration : spring.jpa.open-in-view is enabled by default. Therefore, database queries may be performed during view rendering. Explicitly configure spring.jpa.open-in-view to disable this warning
2021-01-08 11:27:46.511  INFO 32112 --- [    Test worker] o.s.s.web.DefaultSecurityFilterChain     : Will secure any request with [org.springframework.security.web.context.request.async.WebAsyncManagerIntegrationFilter@12f8416, org.springframework.security.web.context.SecurityContextPersistenceFilter@1dd573b, org.springframework.security.web.header.HeaderWriterFilter@8a6768, org.springframework.security.web.authentication.logout.LogoutFilter@a6a826, org.springframework.security.oauth2.client.web.OAuth2AuthorizationRequestRedirectFilter@2724d3, org.springframework.security.oauth2.client.web.OAuth2LoginAuthenticationFilter@18d54fd, org.springframework.security.web.authentication.ui.DefaultLoginPageGeneratingFilter@1f47db8, org.springframework.security.web.authentication.ui.DefaultLogoutPageGeneratingFilter@5f5d1c, org.springframework.security.web.savedrequest.RequestCacheAwareFilter@1be26f1, org.springframework.security.web.servletapi.SecurityContextHolderAwareRequestFilter@1aa009, org.springframework.security.web.authentication.AnonymousAuthenticationFilter@101f538, org.springframework.security.web.session.SessionManagementFilter@19fc6d4, org.springframework.security.web.access.ExceptionTranslationFilter@195aa43, org.springframework.security.web.access.intercept.FilterSecurityInterceptor@13f8b44]
2021-01-08 11:27:46.688  INFO 32112 --- [    Test worker] o.s.s.concurrent.ThreadPoolTaskExecutor  : Initializing ExecutorService 'applicationTaskExecutor'
2021-01-08 11:27:46.736  INFO 32112 --- [    Test worker] o.s.b.a.w.s.WelcomePageHandlerMapping    : Adding welcome page template: index
2021-01-08 11:27:47.050  INFO 32112 --- [    Test worker] o.s.b.w.embedded.tomcat.TomcatWebServer  : Tomcat started on port(s): 60612 (http) with context path ''
2021-01-08 11:27:47.056  INFO 32112 --- [    Test worker] s.a.ScheduledAnnotationBeanPostProcessor : No TaskScheduler/ScheduledExecutorService bean found for scheduled processing
2021-01-08 11:27:47.057  INFO 32112 --- [    Test worker] c.j.springbook.web.IndexControllerTest   : Started IndexControllerTest in 2.355 seconds (JVM running for 11.942)
2021-01-08 11:27:47.184  INFO 32112 --- [o-auto-1-exec-1] o.a.c.c.C.[Tomcat].[localhost].[/]       : Initializing Spring DispatcherServlet 'dispatcherServlet'
2021-01-08 11:27:47.184  INFO 32112 --- [o-auto-1-exec-1] o.s.web.servlet.DispatcherServlet        : Initializing Servlet 'dispatcherServlet'
2021-01-08 11:27:47.186  INFO 32112 --- [o-auto-1-exec-1] o.s.web.servlet.DispatcherServlet        : Completed initialization in 2 ms
]]></system-out>
  <system-err><![CDATA[]]></system-err>
</testsuite>
