<?xml version="1.0" encoding="UTF-8"?>
<testsuite name="com.jung.springbook.web.HelloControllerTest" tests="2" skipped="0" failures="0" errors="0" timestamp="2021-01-08T05:24:40" hostname="AS0-W-N02169" time="0.16">
  <properties/>
  <testcase name="hello가_리턴된다()" classname="com.jung.springbook.web.HelloControllerTest" time="0.071"/>
  <testcase name="helloDto가_리턴된다()" classname="com.jung.springbook.web.HelloControllerTest" time="0.088"/>
  <system-out><![CDATA[2021-01-08 14:24:39.395  INFO 27732 --- [    Test worker] .b.t.a.w.s.WebMvcTestContextBootstrapper : Neither @ContextConfiguration nor @ContextHierarchy found for test class [com.jung.springbook.web.HelloControllerTest], using SpringBootContextLoader
2021-01-08 14:24:39.396  INFO 27732 --- [    Test worker] o.s.t.c.support.AbstractContextLoader    : Could not detect default resource locations for test class [com.jung.springbook.web.HelloControllerTest]: no resource found for suffixes {-context.xml, Context.groovy}.
2021-01-08 14:24:39.396  INFO 27732 --- [    Test worker] t.c.s.AnnotationConfigContextLoaderUtils : Could not detect default configuration classes for test class [com.jung.springbook.web.HelloControllerTest]: HelloControllerTest does not declare any static, non-private, non-final, nested classes annotated with @Configuration.
2021-01-08 14:24:39.414  INFO 27732 --- [    Test worker] .b.t.c.SpringBootTestContextBootstrapper : Found @SpringBootConfiguration com.jung.springbook.Application for test class com.jung.springbook.web.HelloControllerTest
2021-01-08 14:24:39.415  INFO 27732 --- [    Test worker] .b.t.a.w.s.WebMvcTestContextBootstrapper : Loaded default TestExecutionListener class names from location [META-INF/spring.factories]: [org.springframework.security.test.context.support.WithSecurityContextTestExecutionListener, org.springframework.security.test.context.support.ReactorContextTestExecutionListener, org.springframework.boot.test.autoconfigure.restdocs.RestDocsTestExecutionListener, org.springframework.boot.test.autoconfigure.web.client.MockRestServiceServerResetTestExecutionListener, org.springframework.boot.test.autoconfigure.web.servlet.MockMvcPrintOnlyOnFailureTestExecutionListener, org.springframework.boot.test.autoconfigure.web.servlet.WebDriverTestExecutionListener, org.springframework.boot.test.autoconfigure.webservices.client.MockWebServiceServerTestExecutionListener, org.springframework.boot.test.mock.mockito.MockitoTestExecutionListener, org.springframework.boot.test.mock.mockito.ResetMocksTestExecutionListener, org.springframework.test.context.web.ServletTestExecutionListener, org.springframework.test.context.support.DirtiesContextBeforeModesTestExecutionListener, org.springframework.test.context.support.DependencyInjectionTestExecutionListener, org.springframework.test.context.support.DirtiesContextTestExecutionListener, org.springframework.test.context.transaction.TransactionalTestExecutionListener, org.springframework.test.context.jdbc.SqlScriptsTestExecutionListener, org.springframework.test.context.event.EventPublishingTestExecutionListener]
2021-01-08 14:24:39.416  INFO 27732 --- [    Test worker] .b.t.a.w.s.WebMvcTestContextBootstrapper : Using TestExecutionListeners: [org.springframework.test.context.web.ServletTestExecutionListener@32f5a4, org.springframework.test.context.support.DirtiesContextBeforeModesTestExecutionListener@19f1615, org.springframework.boot.test.mock.mockito.MockitoTestExecutionListener@148aee, org.springframework.boot.test.autoconfigure.SpringBootDependencyInjectionTestExecutionListener@2e08f8, org.springframework.test.context.support.DirtiesContextTestExecutionListener@1ec464c, org.springframework.test.context.transaction.TransactionalTestExecutionListener@84d89a, org.springframework.test.context.jdbc.SqlScriptsTestExecutionListener@9661e, org.springframework.security.test.context.support.WithSecurityContextTestExecutionListener@36d96f, org.springframework.test.context.event.EventPublishingTestExecutionListener@1f13583, org.springframework.security.test.context.support.ReactorContextTestExecutionListener@1ab6aaf, org.springframework.boot.test.autoconfigure.restdocs.RestDocsTestExecutionListener@2bd1d2, org.springframework.boot.test.autoconfigure.web.client.MockRestServiceServerResetTestExecutionListener@c48ed9, org.springframework.boot.test.autoconfigure.web.servlet.MockMvcPrintOnlyOnFailureTestExecutionListener@adffef, org.springframework.boot.test.autoconfigure.web.servlet.WebDriverTestExecutionListener@af1447, org.springframework.boot.test.autoconfigure.webservices.client.MockWebServiceServerTestExecutionListener@4ae841, org.springframework.boot.test.mock.mockito.ResetMocksTestExecutionListener@d00c57]

  .   ____          _            __ _ _
 /\\ / ___'_ __ _ _(_)_ __  __ _ \ \ \ \
( ( )\___ | '_ | '_| | '_ \/ _` | \ \ \ \
 \\/  ___)| |_)| | | | | || (_| |  ) ) ) )
  '  |____| .__|_| |_|_| |_\__, | / / / /
 =========|_|==============|___/=/_/_/_/
 :: Spring Boot ::                (v2.4.1)

2021-01-08 14:24:39.441  INFO 27732 --- [    Test worker] c.j.springbook.web.HelloControllerTest   : Starting HelloControllerTest using Java 1.8.0_201 on AS0-W-N02169 with PID 27732 (started by FAS00143 in D:\정이\jung-springbook)
2021-01-08 14:24:39.442  INFO 27732 --- [    Test worker] c.j.springbook.web.HelloControllerTest   : No active profile set, falling back to default profiles: default
2021-01-08 14:24:39.751  INFO 27732 --- [    Test worker] o.s.s.concurrent.ThreadPoolTaskExecutor  : Initializing ExecutorService 'applicationTaskExecutor'
2021-01-08 14:24:39.784  INFO 27732 --- [    Test worker] o.s.b.a.w.s.WelcomePageHandlerMapping    : Adding welcome page template: index
2021-01-08 14:24:40.052  INFO 27732 --- [    Test worker] o.s.s.web.DefaultSecurityFilterChain     : Will secure any request with [org.springframework.security.web.context.request.async.WebAsyncManagerIntegrationFilter@149e6f7, org.springframework.security.web.context.SecurityContextPersistenceFilter@342736, org.springframework.security.web.header.HeaderWriterFilter@3c1b6c, org.springframework.security.web.csrf.CsrfFilter@11263bb, org.springframework.security.web.authentication.logout.LogoutFilter@204813, org.springframework.security.oauth2.client.web.OAuth2AuthorizationRequestRedirectFilter@13df00f, org.springframework.security.oauth2.client.web.OAuth2AuthorizationRequestRedirectFilter@cf4a0f, org.springframework.security.oauth2.client.web.OAuth2LoginAuthenticationFilter@a29e10, org.springframework.security.web.authentication.ui.DefaultLoginPageGeneratingFilter@4c13da, org.springframework.security.web.authentication.ui.DefaultLogoutPageGeneratingFilter@1c5e74, org.springframework.security.web.savedrequest.RequestCacheAwareFilter@b28d00, org.springframework.security.web.servletapi.SecurityContextHolderAwareRequestFilter@6b1541, org.springframework.security.web.authentication.AnonymousAuthenticationFilter@306012, org.springframework.security.oauth2.client.web.OAuth2AuthorizationCodeGrantFilter@b15f0, org.springframework.security.web.session.SessionManagementFilter@9db4ab, org.springframework.security.web.access.ExceptionTranslationFilter@1c7e434, org.springframework.security.web.access.intercept.FilterSecurityInterceptor@1822add]
2021-01-08 14:24:40.133  INFO 27732 --- [    Test worker] o.s.b.t.m.w.SpringBootMockServletContext : Initializing Spring TestDispatcherServlet ''
2021-01-08 14:24:40.133  INFO 27732 --- [    Test worker] o.s.t.web.servlet.TestDispatcherServlet  : Initializing Servlet ''
2021-01-08 14:24:40.134  INFO 27732 --- [    Test worker] o.s.t.web.servlet.TestDispatcherServlet  : Completed initialization in 1 ms
2021-01-08 14:24:40.148  INFO 27732 --- [    Test worker] c.j.springbook.web.HelloControllerTest   : Started HelloControllerTest in 0.729 seconds (JVM running for 8.488)
]]></system-out>
  <system-err><![CDATA[]]></system-err>
</testsuite>
