<?xml version="1.0" encoding="UTF-8"?>
<testsuite name="com.jung.springbook.web.PostsApiControllerTest" tests="3" skipped="0" failures="0" errors="0" timestamp="2021-01-08T01:59:28" hostname="AS0-W-N02169" time="0.156">
  <properties/>
  <testcase name="Posts_등록된다()" classname="com.jung.springbook.web.PostsApiControllerTest" time="0.092"/>
  <testcase name="Posts_삭제된다()" classname="com.jung.springbook.web.PostsApiControllerTest" time="0.041"/>
  <testcase name="Posts_수정된다()" classname="com.jung.springbook.web.PostsApiControllerTest" time="0.02"/>
  <system-out><![CDATA[2021-01-08 10:59:28.517  INFO 32632 --- [    Test worker] .b.t.c.SpringBootTestContextBootstrapper : Neither @ContextConfiguration nor @ContextHierarchy found for test class [com.jung.springbook.web.PostsApiControllerTest], using SpringBootContextLoader
2021-01-08 10:59:28.519  INFO 32632 --- [    Test worker] o.s.t.c.support.AbstractContextLoader    : Could not detect default resource locations for test class [com.jung.springbook.web.PostsApiControllerTest]: no resource found for suffixes {-context.xml, Context.groovy}.
2021-01-08 10:59:28.519  INFO 32632 --- [    Test worker] t.c.s.AnnotationConfigContextLoaderUtils : Could not detect default configuration classes for test class [com.jung.springbook.web.PostsApiControllerTest]: PostsApiControllerTest does not declare any static, non-private, non-final, nested classes annotated with @Configuration.
2021-01-08 10:59:28.521  INFO 32632 --- [    Test worker] .b.t.c.SpringBootTestContextBootstrapper : Found @SpringBootConfiguration com.jung.springbook.Application for test class com.jung.springbook.web.PostsApiControllerTest
2021-01-08 10:59:28.523  INFO 32632 --- [    Test worker] .b.t.c.SpringBootTestContextBootstrapper : Loaded default TestExecutionListener class names from location [META-INF/spring.factories]: [org.springframework.security.test.context.support.WithSecurityContextTestExecutionListener, org.springframework.security.test.context.support.ReactorContextTestExecutionListener, org.springframework.boot.test.autoconfigure.restdocs.RestDocsTestExecutionListener, org.springframework.boot.test.autoconfigure.web.client.MockRestServiceServerResetTestExecutionListener, org.springframework.boot.test.autoconfigure.web.servlet.MockMvcPrintOnlyOnFailureTestExecutionListener, org.springframework.boot.test.autoconfigure.web.servlet.WebDriverTestExecutionListener, org.springframework.boot.test.autoconfigure.webservices.client.MockWebServiceServerTestExecutionListener, org.springframework.boot.test.mock.mockito.MockitoTestExecutionListener, org.springframework.boot.test.mock.mockito.ResetMocksTestExecutionListener, org.springframework.test.context.web.ServletTestExecutionListener, org.springframework.test.context.support.DirtiesContextBeforeModesTestExecutionListener, org.springframework.test.context.support.DependencyInjectionTestExecutionListener, org.springframework.test.context.support.DirtiesContextTestExecutionListener, org.springframework.test.context.transaction.TransactionalTestExecutionListener, org.springframework.test.context.jdbc.SqlScriptsTestExecutionListener, org.springframework.test.context.event.EventPublishingTestExecutionListener]
2021-01-08 10:59:28.525  INFO 32632 --- [    Test worker] .b.t.c.SpringBootTestContextBootstrapper : Using TestExecutionListeners: [org.springframework.test.context.web.ServletTestExecutionListener@11816bd, org.springframework.test.context.support.DirtiesContextBeforeModesTestExecutionListener@11a26d8, org.springframework.boot.test.mock.mockito.MockitoTestExecutionListener@14625ba, org.springframework.boot.test.autoconfigure.SpringBootDependencyInjectionTestExecutionListener@19fd768, org.springframework.test.context.support.DirtiesContextTestExecutionListener@791d8, org.springframework.test.context.transaction.TransactionalTestExecutionListener@748a6, org.springframework.test.context.jdbc.SqlScriptsTestExecutionListener@a2c029, org.springframework.security.test.context.support.WithSecurityContextTestExecutionListener@1d77cc2, org.springframework.test.context.event.EventPublishingTestExecutionListener@1f8a171, org.springframework.security.test.context.support.ReactorContextTestExecutionListener@1368a50, org.springframework.boot.test.autoconfigure.restdocs.RestDocsTestExecutionListener@1fba197, org.springframework.boot.test.autoconfigure.web.client.MockRestServiceServerResetTestExecutionListener@158f186, org.springframework.boot.test.autoconfigure.web.servlet.MockMvcPrintOnlyOnFailureTestExecutionListener@1e13435, org.springframework.boot.test.autoconfigure.web.servlet.WebDriverTestExecutionListener@324cd3, org.springframework.boot.test.autoconfigure.webservices.client.MockWebServiceServerTestExecutionListener@75a21b, org.springframework.boot.test.mock.mockito.ResetMocksTestExecutionListener@99a112]
2021-01-08 10:59:28.538  INFO 32632 --- [    Test worker] o.a.c.c.C.[Tomcat].[localhost].[/]       : Initializing Spring TestDispatcherServlet ''
2021-01-08 10:59:28.538  INFO 32632 --- [    Test worker] o.s.t.web.servlet.TestDispatcherServlet  : Initializing Servlet ''
2021-01-08 10:59:28.539  INFO 32632 --- [    Test worker] o.s.t.web.servlet.TestDispatcherServlet  : Completed initialization in 1 ms
2021-01-08 10:59:28.625  INFO 32632 --- [    Test worker] o.a.c.c.C.[Tomcat].[localhost].[/]       : Initializing Spring TestDispatcherServlet ''
2021-01-08 10:59:28.626  INFO 32632 --- [    Test worker] o.s.t.web.servlet.TestDispatcherServlet  : Initializing Servlet ''
2021-01-08 10:59:28.627  INFO 32632 --- [    Test worker] o.s.t.web.servlet.TestDispatcherServlet  : Completed initialization in 1 ms
2021-01-08 10:59:28.667  INFO 32632 --- [    Test worker] o.a.c.c.C.[Tomcat].[localhost].[/]       : Initializing Spring TestDispatcherServlet ''
2021-01-08 10:59:28.667  INFO 32632 --- [    Test worker] o.s.t.web.servlet.TestDispatcherServlet  : Initializing Servlet ''
2021-01-08 10:59:28.669  INFO 32632 --- [    Test worker] o.s.t.web.servlet.TestDispatcherServlet  : Completed initialization in 1 ms
]]></system-out>
  <system-err><![CDATA[]]></system-err>
</testsuite>
