<?xml version="1.0" encoding="UTF-8"?>
<testsuite name="com.jung.springbook.web.HelloControllerTest" tests="2" skipped="0" failures="0" errors="0" timestamp="2021-01-13T05:12:49" hostname="AS0-W-N02169" time="0.162">
  <properties/>
  <testcase name="hello가_리턴된다()" classname="com.jung.springbook.web.HelloControllerTest" time="0.064"/>
  <testcase name="helloDto가_리턴된다()" classname="com.jung.springbook.web.HelloControllerTest" time="0.097"/>
  <system-out><![CDATA[2021-01-13 14:12:48.652  INFO 2400 --- [    Test worker] .b.t.a.w.s.WebMvcTestContextBootstrapper : Neither @ContextConfiguration nor @ContextHierarchy found for test class [com.jung.springbook.web.HelloControllerTest], using SpringBootContextLoader
2021-01-13 14:12:48.653  INFO 2400 --- [    Test worker] o.s.t.c.support.AbstractContextLoader    : Could not detect default resource locations for test class [com.jung.springbook.web.HelloControllerTest]: no resource found for suffixes {-context.xml, Context.groovy}.
2021-01-13 14:12:48.653  INFO 2400 --- [    Test worker] t.c.s.AnnotationConfigContextLoaderUtils : Could not detect default configuration classes for test class [com.jung.springbook.web.HelloControllerTest]: HelloControllerTest does not declare any static, non-private, non-final, nested classes annotated with @Configuration.
2021-01-13 14:12:48.669  INFO 2400 --- [    Test worker] .b.t.c.SpringBootTestContextBootstrapper : Found @SpringBootConfiguration com.jung.springbook.Application for test class com.jung.springbook.web.HelloControllerTest
2021-01-13 14:12:48.670  INFO 2400 --- [    Test worker] .b.t.a.w.s.WebMvcTestContextBootstrapper : Loaded default TestExecutionListener class names from location [META-INF/spring.factories]: [org.springframework.security.test.context.support.WithSecurityContextTestExecutionListener, org.springframework.security.test.context.support.ReactorContextTestExecutionListener, org.springframework.boot.test.autoconfigure.restdocs.RestDocsTestExecutionListener, org.springframework.boot.test.autoconfigure.web.client.MockRestServiceServerResetTestExecutionListener, org.springframework.boot.test.autoconfigure.web.servlet.MockMvcPrintOnlyOnFailureTestExecutionListener, org.springframework.boot.test.autoconfigure.web.servlet.WebDriverTestExecutionListener, org.springframework.boot.test.autoconfigure.webservices.client.MockWebServiceServerTestExecutionListener, org.springframework.boot.test.mock.mockito.MockitoTestExecutionListener, org.springframework.boot.test.mock.mockito.ResetMocksTestExecutionListener, org.springframework.test.context.web.ServletTestExecutionListener, org.springframework.test.context.support.DirtiesContextBeforeModesTestExecutionListener, org.springframework.test.context.support.DependencyInjectionTestExecutionListener, org.springframework.test.context.support.DirtiesContextTestExecutionListener, org.springframework.test.context.transaction.TransactionalTestExecutionListener, org.springframework.test.context.jdbc.SqlScriptsTestExecutionListener, org.springframework.test.context.event.EventPublishingTestExecutionListener]
2021-01-13 14:12:48.671  INFO 2400 --- [    Test worker] .b.t.a.w.s.WebMvcTestContextBootstrapper : Using TestExecutionListeners: [org.springframework.test.context.web.ServletTestExecutionListener@1ab6aaf, org.springframework.test.context.support.DirtiesContextBeforeModesTestExecutionListener@2bd1d2, org.springframework.boot.test.mock.mockito.MockitoTestExecutionListener@c48ed9, org.springframework.boot.test.autoconfigure.SpringBootDependencyInjectionTestExecutionListener@adffef, org.springframework.test.context.support.DirtiesContextTestExecutionListener@af1447, org.springframework.test.context.transaction.TransactionalTestExecutionListener@4ae841, org.springframework.test.context.jdbc.SqlScriptsTestExecutionListener@d00c57, org.springframework.security.test.context.support.WithSecurityContextTestExecutionListener@1d5cca5, org.springframework.test.context.event.EventPublishingTestExecutionListener@164f2b4, org.springframework.security.test.context.support.ReactorContextTestExecutionListener@bf12f9, org.springframework.boot.test.autoconfigure.restdocs.RestDocsTestExecutionListener@21068d, org.springframework.boot.test.autoconfigure.web.client.MockRestServiceServerResetTestExecutionListener@1c445c8, org.springframework.boot.test.autoconfigure.web.servlet.MockMvcPrintOnlyOnFailureTestExecutionListener@155fb96, org.springframework.boot.test.autoconfigure.web.servlet.WebDriverTestExecutionListener@111181f, org.springframework.boot.test.autoconfigure.webservices.client.MockWebServiceServerTestExecutionListener@1b47fde, org.springframework.boot.test.mock.mockito.ResetMocksTestExecutionListener@919a25]

  .   ____          _            __ _ _
 /\\ / ___'_ __ _ _(_)_ __  __ _ \ \ \ \
( ( )\___ | '_ | '_| | '_ \/ _` | \ \ \ \
 \\/  ___)| |_)| | | | | || (_| |  ) ) ) )
  '  |____| .__|_| |_|_| |_\__, | / / / /
 =========|_|==============|___/=/_/_/_/
 :: Spring Boot ::                (v2.4.1)

2021-01-13 14:12:48.694  INFO 2400 --- [    Test worker] c.j.springbook.web.HelloControllerTest   : Starting HelloControllerTest using Java 1.8.0_201 on AS0-W-N02169 with PID 2400 (started by FAS00143 in D:\정이\jung-springbook)
2021-01-13 14:12:48.694  INFO 2400 --- [    Test worker] c.j.springbook.web.HelloControllerTest   : No active profile set, falling back to default profiles: default
2021-01-13 14:12:49.012  INFO 2400 --- [    Test worker] o.s.s.concurrent.ThreadPoolTaskExecutor  : Initializing ExecutorService 'applicationTaskExecutor'
2021-01-13 14:12:49.043  INFO 2400 --- [    Test worker] o.s.b.a.w.s.WelcomePageHandlerMapping    : Adding welcome page template: index
2021-01-13 14:12:49.309  INFO 2400 --- [    Test worker] o.s.s.web.DefaultSecurityFilterChain     : Will secure any request with [org.springframework.security.web.context.request.async.WebAsyncManagerIntegrationFilter@cc48de, org.springframework.security.web.context.SecurityContextPersistenceFilter@1822add, org.springframework.security.web.header.HeaderWriterFilter@1e48707, org.springframework.security.web.csrf.CsrfFilter@204813, org.springframework.security.web.authentication.logout.LogoutFilter@cf4a0f, org.springframework.security.oauth2.client.web.OAuth2AuthorizationRequestRedirectFilter@1c5e74, org.springframework.security.oauth2.client.web.OAuth2AuthorizationRequestRedirectFilter@1ddd41b, org.springframework.security.oauth2.client.web.OAuth2LoginAuthenticationFilter@306012, org.springframework.security.web.authentication.ui.DefaultLoginPageGeneratingFilter@f06ad1, org.springframework.security.web.authentication.ui.DefaultLogoutPageGeneratingFilter@16ec04, org.springframework.security.web.savedrequest.RequestCacheAwareFilter@13df00f, org.springframework.security.web.servletapi.SecurityContextHolderAwareRequestFilter@a29e10, org.springframework.security.web.authentication.AnonymousAuthenticationFilter@82ce26, org.springframework.security.oauth2.client.web.OAuth2AuthorizationCodeGrantFilter@360404, org.springframework.security.web.session.SessionManagementFilter@1e43b38, org.springframework.security.web.access.ExceptionTranslationFilter@c9d50f, org.springframework.security.web.access.intercept.FilterSecurityInterceptor@149e6f7]
2021-01-13 14:12:49.406  INFO 2400 --- [    Test worker] o.s.b.t.m.w.SpringBootMockServletContext : Initializing Spring TestDispatcherServlet ''
2021-01-13 14:12:49.406  INFO 2400 --- [    Test worker] o.s.t.web.servlet.TestDispatcherServlet  : Initializing Servlet ''
2021-01-13 14:12:49.407  INFO 2400 --- [    Test worker] o.s.t.web.servlet.TestDispatcherServlet  : Completed initialization in 1 ms
2021-01-13 14:12:49.421  INFO 2400 --- [    Test worker] c.j.springbook.web.HelloControllerTest   : Started HelloControllerTest in 0.748 seconds (JVM running for 8.252)
]]></system-out>
  <system-err><![CDATA[]]></system-err>
</testsuite>
