<?xml version="1.0" encoding="UTF-8"?>
<testsuite name="com.jung.springbook.web.dto.HelloResponseDtoTest" tests="1" skipped="0" failures="0" errors="0" timestamp="2021-01-11T10:06:51" hostname="DESKTOP-6GQEKR1" time="0.004">
  <properties/>
  <testcase name="롬복_기능_테스트()" classname="com.jung.springbook.web.dto.HelloResponseDtoTest" time="0.004"/>
  <system-out><![CDATA[]]></system-out>
  <system-err><![CDATA[]]></system-err>
</testsuite>
