<?xml version="1.0" encoding="UTF-8"?>
<testsuite name="com.jung.springbook.web.HelloControllerTest" tests="2" skipped="0" failures="0" errors="0" timestamp="2021-01-07T06:33:10" hostname="AS0-W-N02169" time="0.123">
  <properties/>
  <testcase name="hello가_리턴된다" classname="com.jung.springbook.web.HelloControllerTest" time="0.035"/>
  <testcase name="helloDto가_리턴된다" classname="com.jung.springbook.web.HelloControllerTest" time="0.087"/>
  <system-out><![CDATA[2021-01-07 15:33:09.969  INFO 28696 --- [    Test worker] .b.t.a.w.s.WebMvcTestContextBootstrapper : Neither @ContextConfiguration nor @ContextHierarchy found for test class [com.jung.springbook.web.HelloControllerTest], using SpringBootContextLoader
2021-01-07 15:33:09.970  INFO 28696 --- [    Test worker] o.s.t.c.support.AbstractContextLoader    : Could not detect default resource locations for test class [com.jung.springbook.web.HelloControllerTest]: no resource found for suffixes {-context.xml, Context.groovy}.
2021-01-07 15:33:09.970  INFO 28696 --- [    Test worker] t.c.s.AnnotationConfigContextLoaderUtils : Could not detect default configuration classes for test class [com.jung.springbook.web.HelloControllerTest]: HelloControllerTest does not declare any static, non-private, non-final, nested classes annotated with @Configuration.
2021-01-07 15:33:09.986  INFO 28696 --- [    Test worker] .b.t.c.SpringBootTestContextBootstrapper : Found @SpringBootConfiguration com.jung.springbook.Application for test class com.jung.springbook.web.HelloControllerTest
2021-01-07 15:33:09.986  INFO 28696 --- [    Test worker] .b.t.a.w.s.WebMvcTestContextBootstrapper : Loaded default TestExecutionListener class names from location [META-INF/spring.factories]: [org.springframework.security.test.context.support.WithSecurityContextTestExecutionListener, org.springframework.security.test.context.support.ReactorContextTestExecutionListener, org.springframework.boot.test.autoconfigure.restdocs.RestDocsTestExecutionListener, org.springframework.boot.test.autoconfigure.web.client.MockRestServiceServerResetTestExecutionListener, org.springframework.boot.test.autoconfigure.web.servlet.MockMvcPrintOnlyOnFailureTestExecutionListener, org.springframework.boot.test.autoconfigure.web.servlet.WebDriverTestExecutionListener, org.springframework.boot.test.mock.mockito.MockitoTestExecutionListener, org.springframework.boot.test.mock.mockito.ResetMocksTestExecutionListener, org.springframework.test.context.web.ServletTestExecutionListener, org.springframework.test.context.support.DirtiesContextBeforeModesTestExecutionListener, org.springframework.test.context.support.DependencyInjectionTestExecutionListener, org.springframework.test.context.support.DirtiesContextTestExecutionListener, org.springframework.test.context.transaction.TransactionalTestExecutionListener, org.springframework.test.context.jdbc.SqlScriptsTestExecutionListener]
2021-01-07 15:33:09.987  INFO 28696 --- [    Test worker] .b.t.a.w.s.WebMvcTestContextBootstrapper : Using TestExecutionListeners: [org.springframework.test.context.web.ServletTestExecutionListener@ceec45, org.springframework.test.context.support.DirtiesContextBeforeModesTestExecutionListener@136345c, org.springframework.boot.test.mock.mockito.MockitoTestExecutionListener@b9c9f, org.springframework.boot.test.autoconfigure.SpringBootDependencyInjectionTestExecutionListener@e15ff6, org.springframework.test.context.support.DirtiesContextTestExecutionListener@19a2a2b, org.springframework.test.context.transaction.TransactionalTestExecutionListener@1766d10, org.springframework.test.context.jdbc.SqlScriptsTestExecutionListener@141ee45, org.springframework.security.test.context.support.WithSecurityContextTestExecutionListener@1bf0cf4, org.springframework.security.test.context.support.ReactorContextTestExecutionListener@198ba1a, org.springframework.boot.test.autoconfigure.restdocs.RestDocsTestExecutionListener@1705bd4, org.springframework.boot.test.autoconfigure.web.client.MockRestServiceServerResetTestExecutionListener@1d1a2b9, org.springframework.boot.test.autoconfigure.web.servlet.MockMvcPrintOnlyOnFailureTestExecutionListener@8cc85b, org.springframework.boot.test.autoconfigure.web.servlet.WebDriverTestExecutionListener@90e43a, org.springframework.boot.test.mock.mockito.ResetMocksTestExecutionListener@1dbb587]

  .   ____          _            __ _ _
 /\\ / ___'_ __ _ _(_)_ __  __ _ \ \ \ \
( ( )\___ | '_ | '_| | '_ \/ _` | \ \ \ \
 \\/  ___)| |_)| | | | | || (_| |  ) ) ) )
  '  |____| .__|_| |_|_| |_\__, | / / / /
 =========|_|==============|___/=/_/_/_/
 :: Spring Boot ::        (v2.1.7.RELEASE)

2021-01-07 15:33:10.036  INFO 28696 --- [    Test worker] c.j.springbook.web.HelloControllerTest   : Starting HelloControllerTest on AS0-W-N02169 with PID 28696 (started by FAS00143 in D:\정이\jung-springbook)
2021-01-07 15:33:10.036  INFO 28696 --- [    Test worker] c.j.springbook.web.HelloControllerTest   : The following profiles are active: oauth
2021-01-07 15:33:10.498  INFO 28696 --- [    Test worker] o.s.s.concurrent.ThreadPoolTaskExecutor  : Initializing ExecutorService 'applicationTaskExecutor'
2021-01-07 15:33:10.532  INFO 28696 --- [    Test worker] o.s.b.a.w.s.WelcomePageHandlerMapping    : Adding welcome page template: index
2021-01-07 15:33:10.670  INFO 28696 --- [    Test worker] o.s.b.t.m.w.SpringBootMockServletContext : Initializing Spring TestDispatcherServlet ''
2021-01-07 15:33:10.671  INFO 28696 --- [    Test worker] o.s.t.web.servlet.TestDispatcherServlet  : Initializing Servlet ''
2021-01-07 15:33:10.681  INFO 28696 --- [    Test worker] o.s.t.web.servlet.TestDispatcherServlet  : Completed initialization in 10 ms
2021-01-07 15:33:10.699  INFO 28696 --- [    Test worker] c.j.springbook.web.HelloControllerTest   : Started HelloControllerTest in 0.71 seconds (JVM running for 10.912)
]]></system-out>
  <system-err><![CDATA[]]></system-err>
</testsuite>
