<?xml version="1.0" encoding="UTF-8"?>
<testsuite name="com.jung.springbook.domain.posts.PostsRepositoryTest" tests="2" skipped="0" failures="0" errors="0" timestamp="2021-01-08T05:24:39" hostname="AS0-W-N02169" time="0.259">
  <properties/>
  <testcase name="게시글저장_불러오기()" classname="com.jung.springbook.domain.posts.PostsRepositoryTest" time="0.247"/>
  <testcase name="BaseTimeEntity_등록()" classname="com.jung.springbook.domain.posts.PostsRepositoryTest" time="0.012"/>
  <system-out><![CDATA[14:24:33.459 [Test worker] DEBUG org.springframework.test.context.BootstrapUtils - Instantiating CacheAwareContextLoaderDelegate from class [org.springframework.test.context.cache.DefaultCacheAwareContextLoaderDelegate]
14:24:33.483 [Test worker] DEBUG org.springframework.test.context.BootstrapUtils - Instantiating BootstrapContext using constructor [public org.springframework.test.context.support.DefaultBootstrapContext(java.lang.Class,org.springframework.test.context.CacheAwareContextLoaderDelegate)]
14:24:33.528 [Test worker] DEBUG org.springframework.test.context.BootstrapUtils - Instantiating TestContextBootstrapper for test class [com.jung.springbook.domain.posts.PostsRepositoryTest] from class [org.springframework.boot.test.context.SpringBootTestContextBootstrapper]
14:24:33.545 [Test worker] INFO org.springframework.boot.test.context.SpringBootTestContextBootstrapper - Neither @ContextConfiguration nor @ContextHierarchy found for test class [com.jung.springbook.domain.posts.PostsRepositoryTest], using SpringBootContextLoader
14:24:33.552 [Test worker] DEBUG org.springframework.test.context.support.AbstractContextLoader - Did not detect default resource location for test class [com.jung.springbook.domain.posts.PostsRepositoryTest]: class path resource [com/jung/springbook/domain/posts/PostsRepositoryTest-context.xml] does not exist
14:24:33.553 [Test worker] DEBUG org.springframework.test.context.support.AbstractContextLoader - Did not detect default resource location for test class [com.jung.springbook.domain.posts.PostsRepositoryTest]: class path resource [com/jung/springbook/domain/posts/PostsRepositoryTestContext.groovy] does not exist
14:24:33.553 [Test worker] INFO org.springframework.test.context.support.AbstractContextLoader - Could not detect default resource locations for test class [com.jung.springbook.domain.posts.PostsRepositoryTest]: no resource found for suffixes {-context.xml, Context.groovy}.
14:24:33.554 [Test worker] INFO org.springframework.test.context.support.AnnotationConfigContextLoaderUtils - Could not detect default configuration classes for test class [com.jung.springbook.domain.posts.PostsRepositoryTest]: PostsRepositoryTest does not declare any static, non-private, non-final, nested classes annotated with @Configuration.
14:24:33.621 [Test worker] DEBUG org.springframework.test.context.support.ActiveProfilesUtils - Could not find an 'annotation declaring class' for annotation type [org.springframework.test.context.ActiveProfiles] and class [com.jung.springbook.domain.posts.PostsRepositoryTest]
14:24:33.700 [Test worker] DEBUG org.springframework.context.annotation.ClassPathScanningCandidateComponentProvider - Identified candidate component class: file [D:\정이\jung-springbook\build\classes\java\main\com\jung\springbook\Application.class]
14:24:33.701 [Test worker] INFO org.springframework.boot.test.context.SpringBootTestContextBootstrapper - Found @SpringBootConfiguration com.jung.springbook.Application for test class com.jung.springbook.domain.posts.PostsRepositoryTest
14:24:33.846 [Test worker] DEBUG org.springframework.boot.test.context.SpringBootTestContextBootstrapper - @TestExecutionListeners is not present for class [com.jung.springbook.domain.posts.PostsRepositoryTest]: using defaults.
14:24:33.847 [Test worker] INFO org.springframework.boot.test.context.SpringBootTestContextBootstrapper - Loaded default TestExecutionListener class names from location [META-INF/spring.factories]: [org.springframework.security.test.context.support.WithSecurityContextTestExecutionListener, org.springframework.security.test.context.support.ReactorContextTestExecutionListener, org.springframework.boot.test.autoconfigure.restdocs.RestDocsTestExecutionListener, org.springframework.boot.test.autoconfigure.web.client.MockRestServiceServerResetTestExecutionListener, org.springframework.boot.test.autoconfigure.web.servlet.MockMvcPrintOnlyOnFailureTestExecutionListener, org.springframework.boot.test.autoconfigure.web.servlet.WebDriverTestExecutionListener, org.springframework.boot.test.autoconfigure.webservices.client.MockWebServiceServerTestExecutionListener, org.springframework.boot.test.mock.mockito.MockitoTestExecutionListener, org.springframework.boot.test.mock.mockito.ResetMocksTestExecutionListener, org.springframework.test.context.web.ServletTestExecutionListener, org.springframework.test.context.support.DirtiesContextBeforeModesTestExecutionListener, org.springframework.test.context.support.DependencyInjectionTestExecutionListener, org.springframework.test.context.support.DirtiesContextTestExecutionListener, org.springframework.test.context.transaction.TransactionalTestExecutionListener, org.springframework.test.context.jdbc.SqlScriptsTestExecutionListener, org.springframework.test.context.event.EventPublishingTestExecutionListener]
14:24:33.873 [Test worker] INFO org.springframework.boot.test.context.SpringBootTestContextBootstrapper - Using TestExecutionListeners: [org.springframework.test.context.web.ServletTestExecutionListener@1f1aca0, org.springframework.test.context.support.DirtiesContextBeforeModesTestExecutionListener@1a49028, org.springframework.boot.test.mock.mockito.MockitoTestExecutionListener@1324cab, org.springframework.boot.test.autoconfigure.SpringBootDependencyInjectionTestExecutionListener@b1cd36, org.springframework.test.context.support.DirtiesContextTestExecutionListener@5e96c, org.springframework.test.context.transaction.TransactionalTestExecutionListener@14504d4, org.springframework.test.context.jdbc.SqlScriptsTestExecutionListener@b75383, org.springframework.security.test.context.support.WithSecurityContextTestExecutionListener@3f69e, org.springframework.test.context.event.EventPublishingTestExecutionListener@1a03cbb, org.springframework.security.test.context.support.ReactorContextTestExecutionListener@4cebbf, org.springframework.boot.test.autoconfigure.restdocs.RestDocsTestExecutionListener@df8afe, org.springframework.boot.test.autoconfigure.web.client.MockRestServiceServerResetTestExecutionListener@1192dfd, org.springframework.boot.test.autoconfigure.web.servlet.MockMvcPrintOnlyOnFailureTestExecutionListener@1de9401, org.springframework.boot.test.autoconfigure.web.servlet.WebDriverTestExecutionListener@a49e56, org.springframework.boot.test.autoconfigure.webservices.client.MockWebServiceServerTestExecutionListener@646946, org.springframework.boot.test.mock.mockito.ResetMocksTestExecutionListener@1ed6f2]
14:24:33.877 [Test worker] DEBUG org.springframework.test.context.support.AbstractDirtiesContextTestExecutionListener - Before test class: context [DefaultTestContext@3912c6 testClass = PostsRepositoryTest, testInstance = [null], testMethod = [null], testException = [null], mergedContextConfiguration = [WebMergedContextConfiguration@173866e testClass = PostsRepositoryTest, locations = '{}', classes = '{class com.jung.springbook.Application}', contextInitializerClasses = '[]', activeProfiles = '{}', propertySourceLocations = '{}', propertySourceProperties = '{org.springframework.boot.test.context.SpringBootTestContextBootstrapper=true}', contextCustomizers = set[org.springframework.boot.test.autoconfigure.actuate.metrics.MetricsExportContextCustomizerFactory$DisableMetricExportContextCustomizer@625e90, org.springframework.boot.test.autoconfigure.properties.PropertyMappingContextCustomizer@0, org.springframework.boot.test.autoconfigure.web.servlet.WebDriverContextCustomizerFactory$Customizer@9bc55b, org.springframework.boot.test.context.filter.ExcludeFilterContextCustomizer@f1a1ea, org.springframework.boot.test.json.DuplicateJsonObjectContextCustomizerFactory$DuplicateJsonObjectContextCustomizer@a043b5, org.springframework.boot.test.mock.mockito.MockitoContextCustomizer@0, org.springframework.boot.test.web.client.TestRestTemplateContextCustomizer@1eee4a9, org.springframework.boot.test.context.SpringBootTestArgs@1, org.springframework.boot.test.context.SpringBootTestWebEnvironment@16bb353], resourceBasePath = 'src/main/webapp', contextLoader = 'org.springframework.boot.test.context.SpringBootContextLoader', parent = [null]], attributes = map['org.springframework.test.context.web.ServletTestExecutionListener.activateListener' -> true]], class annotated with @DirtiesContext [false] with mode [null].
14:24:33.908 [Test worker] DEBUG org.springframework.test.context.support.TestPropertySourceUtils - Adding inlined properties to environment: {spring.jmx.enabled=false, org.springframework.boot.test.context.SpringBootTestContextBootstrapper=true}

  .   ____          _            __ _ _
 /\\ / ___'_ __ _ _(_)_ __  __ _ \ \ \ \
( ( )\___ | '_ | '_| | '_ \/ _` | \ \ \ \
 \\/  ___)| |_)| | | | | || (_| |  ) ) ) )
  '  |____| .__|_| |_|_| |_\__, | / / / /
 =========|_|==============|___/=/_/_/_/
 :: Spring Boot ::                (v2.4.1)

2021-01-08 14:24:34.170  INFO 27732 --- [    Test worker] c.j.s.domain.posts.PostsRepositoryTest   : Starting PostsRepositoryTest using Java 1.8.0_201 on AS0-W-N02169 with PID 27732 (started by FAS00143 in D:\정이\jung-springbook)
2021-01-08 14:24:34.172  INFO 27732 --- [    Test worker] c.j.s.domain.posts.PostsRepositoryTest   : No active profile set, falling back to default profiles: default
2021-01-08 14:24:34.963  INFO 27732 --- [    Test worker] .s.d.r.c.RepositoryConfigurationDelegate : Bootstrapping Spring Data JPA repositories in DEFAULT mode.
2021-01-08 14:24:35.023  INFO 27732 --- [    Test worker] .s.d.r.c.RepositoryConfigurationDelegate : Finished Spring Data repository scanning in 54 ms. Found 2 JPA repository interfaces.
2021-01-08 14:24:35.629  INFO 27732 --- [    Test worker] com.zaxxer.hikari.HikariDataSource       : HikariPool-1 - Starting...
2021-01-08 14:24:35.819  INFO 27732 --- [    Test worker] com.zaxxer.hikari.HikariDataSource       : HikariPool-1 - Start completed.
2021-01-08 14:24:35.887  INFO 27732 --- [    Test worker] o.hibernate.jpa.internal.util.LogHelper  : HHH000204: Processing PersistenceUnitInfo [name: default]
2021-01-08 14:24:35.950  INFO 27732 --- [    Test worker] org.hibernate.Version                    : HHH000412: Hibernate ORM core version 5.4.25.Final
2021-01-08 14:24:36.126  INFO 27732 --- [    Test worker] o.hibernate.annotations.common.Version   : HCANN000001: Hibernate Commons Annotations {5.1.2.Final}
2021-01-08 14:24:36.265  INFO 27732 --- [    Test worker] org.hibernate.dialect.Dialect            : HHH000400: Using dialect: org.hibernate.dialect.MySQL57Dialect
2021-01-08 14:24:37.013  INFO 27732 --- [    Test worker] o.h.e.t.j.p.i.JtaPlatformInitiator       : HHH000490: Using JtaPlatform implementation: [org.hibernate.engine.transaction.jta.platform.internal.NoJtaPlatform]
2021-01-08 14:24:37.023  INFO 27732 --- [    Test worker] j.LocalContainerEntityManagerFactoryBean : Initialized JPA EntityManagerFactory for persistence unit 'default'
2021-01-08 14:24:37.524  WARN 27732 --- [    Test worker] JpaBaseConfiguration$JpaWebConfiguration : spring.jpa.open-in-view is enabled by default. Therefore, database queries may be performed during view rendering. Explicitly configure spring.jpa.open-in-view to disable this warning
2021-01-08 14:24:38.088  INFO 27732 --- [    Test worker] o.s.s.web.DefaultSecurityFilterChain     : Will secure any request with [org.springframework.security.web.context.request.async.WebAsyncManagerIntegrationFilter@112543d, org.springframework.security.web.context.SecurityContextPersistenceFilter@12236b, org.springframework.security.web.header.HeaderWriterFilter@38cfc7, org.springframework.security.web.authentication.logout.LogoutFilter@1c6fe7e, org.springframework.security.oauth2.client.web.OAuth2AuthorizationRequestRedirectFilter@3d403d, org.springframework.security.oauth2.client.web.OAuth2LoginAuthenticationFilter@636a55, org.springframework.security.web.authentication.ui.DefaultLoginPageGeneratingFilter@91c7ba, org.springframework.security.web.authentication.ui.DefaultLogoutPageGeneratingFilter@28b1a4, org.springframework.security.web.savedrequest.RequestCacheAwareFilter@4db66d, org.springframework.security.web.servletapi.SecurityContextHolderAwareRequestFilter@abe4da, org.springframework.security.web.authentication.AnonymousAuthenticationFilter@10b7bd0, org.springframework.security.web.session.SessionManagementFilter@11edf09, org.springframework.security.web.access.ExceptionTranslationFilter@225332, org.springframework.security.web.access.intercept.FilterSecurityInterceptor@191caa7]
2021-01-08 14:24:38.500  INFO 27732 --- [    Test worker] o.s.s.concurrent.ThreadPoolTaskExecutor  : Initializing ExecutorService 'applicationTaskExecutor'
2021-01-08 14:24:38.611  INFO 27732 --- [    Test worker] o.s.b.a.w.s.WelcomePageHandlerMapping    : Adding welcome page template: index
2021-01-08 14:24:39.091  INFO 27732 --- [    Test worker] s.a.ScheduledAnnotationBeanPostProcessor : No TaskScheduler/ScheduledExecutorService bean found for scheduled processing
2021-01-08 14:24:39.098  INFO 27732 --- [    Test worker] c.j.s.domain.posts.PostsRepositoryTest   : Started PostsRepositoryTest in 5.184 seconds (JVM running for 7.438)
>>>>>>>>>>> createDate = 2021-01-08T14:24:39.369, modifiedDate=2021-01-08T14:24:39.369
]]></system-out>
  <system-err><![CDATA[]]></system-err>
</testsuite>
