<?xml version="1.0" encoding="UTF-8"?>
<testsuite name="com.jung.springbook.domain.posts.PostsRepositoryTest" tests="2" skipped="0" failures="0" errors="0" timestamp="2021-01-07T06:33:09" hostname="AS0-W-N02169" time="0.189">
  <properties/>
  <testcase name="게시글저장_불러오기" classname="com.jung.springbook.domain.posts.PostsRepositoryTest" time="0.179"/>
  <testcase name="BaseTimeEntity_등록" classname="com.jung.springbook.domain.posts.PostsRepositoryTest" time="0.009"/>
  <system-out><![CDATA[2021-01-07 15:33:07.773  INFO 28696 --- [    Test worker] .b.t.c.SpringBootTestContextBootstrapper : Neither @ContextConfiguration nor @ContextHierarchy found for test class [com.jung.springbook.domain.posts.PostsRepositoryTest], using SpringBootContextLoader
2021-01-07 15:33:07.774  INFO 28696 --- [    Test worker] o.s.t.c.support.AbstractContextLoader    : Could not detect default resource locations for test class [com.jung.springbook.domain.posts.PostsRepositoryTest]: no resource found for suffixes {-context.xml, Context.groovy}.
2021-01-07 15:33:07.774  INFO 28696 --- [    Test worker] t.c.s.AnnotationConfigContextLoaderUtils : Could not detect default configuration classes for test class [com.jung.springbook.domain.posts.PostsRepositoryTest]: PostsRepositoryTest does not declare any static, non-private, non-final, nested classes annotated with @Configuration.
2021-01-07 15:33:07.785  INFO 28696 --- [    Test worker] .b.t.c.SpringBootTestContextBootstrapper : Found @SpringBootConfiguration com.jung.springbook.Application for test class com.jung.springbook.domain.posts.PostsRepositoryTest
2021-01-07 15:33:07.793  INFO 28696 --- [    Test worker] .b.t.c.SpringBootTestContextBootstrapper : Loaded default TestExecutionListener class names from location [META-INF/spring.factories]: [org.springframework.security.test.context.support.WithSecurityContextTestExecutionListener, org.springframework.security.test.context.support.ReactorContextTestExecutionListener, org.springframework.boot.test.autoconfigure.restdocs.RestDocsTestExecutionListener, org.springframework.boot.test.autoconfigure.web.client.MockRestServiceServerResetTestExecutionListener, org.springframework.boot.test.autoconfigure.web.servlet.MockMvcPrintOnlyOnFailureTestExecutionListener, org.springframework.boot.test.autoconfigure.web.servlet.WebDriverTestExecutionListener, org.springframework.boot.test.mock.mockito.MockitoTestExecutionListener, org.springframework.boot.test.mock.mockito.ResetMocksTestExecutionListener, org.springframework.test.context.web.ServletTestExecutionListener, org.springframework.test.context.support.DirtiesContextBeforeModesTestExecutionListener, org.springframework.test.context.support.DependencyInjectionTestExecutionListener, org.springframework.test.context.support.DirtiesContextTestExecutionListener, org.springframework.test.context.transaction.TransactionalTestExecutionListener, org.springframework.test.context.jdbc.SqlScriptsTestExecutionListener]
2021-01-07 15:33:07.795  INFO 28696 --- [    Test worker] .b.t.c.SpringBootTestContextBootstrapper : Using TestExecutionListeners: [org.springframework.test.context.web.ServletTestExecutionListener@1054d6f, org.springframework.test.context.support.DirtiesContextBeforeModesTestExecutionListener@1a9e5b2, org.springframework.boot.test.mock.mockito.MockitoTestExecutionListener@159286e, org.springframework.boot.test.autoconfigure.SpringBootDependencyInjectionTestExecutionListener@1db3572, org.springframework.test.context.support.DirtiesContextTestExecutionListener@a66ad3, org.springframework.test.context.transaction.TransactionalTestExecutionListener@609d80, org.springframework.test.context.jdbc.SqlScriptsTestExecutionListener@54d17a, org.springframework.security.test.context.support.WithSecurityContextTestExecutionListener@da0fa7, org.springframework.security.test.context.support.ReactorContextTestExecutionListener@12d195d, org.springframework.boot.test.autoconfigure.restdocs.RestDocsTestExecutionListener@1d31c65, org.springframework.boot.test.autoconfigure.web.client.MockRestServiceServerResetTestExecutionListener@1f2d864, org.springframework.boot.test.autoconfigure.web.servlet.MockMvcPrintOnlyOnFailureTestExecutionListener@1234d4a, org.springframework.boot.test.autoconfigure.web.servlet.WebDriverTestExecutionListener@d5082, org.springframework.boot.test.mock.mockito.ResetMocksTestExecutionListener@1764692]

  .   ____          _            __ _ _
 /\\ / ___'_ __ _ _(_)_ __  __ _ \ \ \ \
( ( )\___ | '_ | '_| | '_ \/ _` | \ \ \ \
 \\/  ___)| |_)| | | | | || (_| |  ) ) ) )
  '  |____| .__|_| |_|_| |_\__, | / / / /
 =========|_|==============|___/=/_/_/_/
 :: Spring Boot ::        (v2.1.7.RELEASE)

2021-01-07 15:33:07.840  INFO 28696 --- [    Test worker] c.j.s.domain.posts.PostsRepositoryTest   : Starting PostsRepositoryTest on AS0-W-N02169 with PID 28696 (started by FAS00143 in D:\정이\jung-springbook)
2021-01-07 15:33:07.840  INFO 28696 --- [    Test worker] c.j.s.domain.posts.PostsRepositoryTest   : The following profiles are active: oauth
2021-01-07 15:33:08.129  INFO 28696 --- [    Test worker] .s.d.r.c.RepositoryConfigurationDelegate : Bootstrapping Spring Data repositories in DEFAULT mode.
2021-01-07 15:33:08.160  INFO 28696 --- [    Test worker] .s.d.r.c.RepositoryConfigurationDelegate : Finished Spring Data repository scanning in 31ms. Found 2 repository interfaces.
2021-01-07 15:33:08.271  INFO 28696 --- [    Test worker] trationDelegate$BeanPostProcessorChecker : Bean 'org.springframework.transaction.annotation.ProxyTransactionManagementConfiguration' of type [org.springframework.transaction.annotation.ProxyTransactionManagementConfiguration$$EnhancerBySpringCGLIB$$a65f6d7c] is not eligible for getting processed by all BeanPostProcessors (for example: not eligible for auto-proxying)
2021-01-07 15:33:08.362  INFO 28696 --- [    Test worker] com.zaxxer.hikari.HikariDataSource       : HikariPool-2 - Starting...
2021-01-07 15:33:08.363  INFO 28696 --- [    Test worker] com.zaxxer.hikari.HikariDataSource       : HikariPool-2 - Start completed.
2021-01-07 15:33:08.397  INFO 28696 --- [    Test worker] o.hibernate.jpa.internal.util.LogHelper  : HHH000204: Processing PersistenceUnitInfo [
	name: default
	...]
2021-01-07 15:33:08.408  INFO 28696 --- [    Test worker] org.hibernate.dialect.Dialect            : HHH000400: Using dialect: org.hibernate.dialect.MySQL5InnoDBDialect
Hibernate: drop table if exists posts
Hibernate: drop table if exists user
Hibernate: create table posts (id bigint not null auto_increment, created_date datetime, modified_date datetime, author varchar(255), content TEXT not null, title varchar(500) not null, primary key (id)) engine=InnoDB
Hibernate: create table user (id bigint not null auto_increment, created_date datetime, modified_date datetime, email varchar(255) not null, name varchar(255) not null, picture varchar(255), role varchar(255) not null, primary key (id)) engine=InnoDB
2021-01-07 15:33:08.449  INFO 28696 --- [    Test worker] o.h.t.schema.internal.SchemaCreatorImpl  : HHH000476: Executing import script 'org.hibernate.tool.schema.internal.exec.ScriptSourceInputNonExistentImpl@826f4c'
2021-01-07 15:33:08.449  INFO 28696 --- [    Test worker] j.LocalContainerEntityManagerFactoryBean : Initialized JPA EntityManagerFactory for persistence unit 'default'
2021-01-07 15:33:08.669  INFO 28696 --- [    Test worker] o.h.h.i.QueryTranslatorFactoryInitiator  : HHH000397: Using ASTQueryTranslatorFactory
2021-01-07 15:33:08.854  INFO 28696 --- [    Test worker] o.s.s.web.DefaultSecurityFilterChain     : Creating filter chain: any request, [org.springframework.security.web.context.request.async.WebAsyncManagerIntegrationFilter@1cae109, org.springframework.security.web.context.SecurityContextPersistenceFilter@1720d81, org.springframework.security.web.header.HeaderWriterFilter@9a862, org.springframework.security.web.authentication.logout.LogoutFilter@1d6663f, org.springframework.security.oauth2.client.web.OAuth2AuthorizationRequestRedirectFilter@185f19f, org.springframework.security.oauth2.client.web.OAuth2LoginAuthenticationFilter@42b7ec, org.springframework.security.web.authentication.ui.DefaultLoginPageGeneratingFilter@196cb8, org.springframework.security.web.authentication.ui.DefaultLogoutPageGeneratingFilter@16110c7, org.springframework.security.web.savedrequest.RequestCacheAwareFilter@974bc4, org.springframework.security.web.servletapi.SecurityContextHolderAwareRequestFilter@13abf8c, org.springframework.security.web.authentication.AnonymousAuthenticationFilter@18413fd, org.springframework.security.web.session.SessionManagementFilter@77a1e2, org.springframework.security.web.access.ExceptionTranslationFilter@2576b5, org.springframework.security.web.access.intercept.FilterSecurityInterceptor@1e1644b]
2021-01-07 15:33:09.188  INFO 28696 --- [    Test worker] o.s.s.concurrent.ThreadPoolTaskExecutor  : Initializing ExecutorService 'applicationTaskExecutor'
2021-01-07 15:33:09.203  WARN 28696 --- [    Test worker] aWebConfiguration$JpaWebMvcConfiguration : spring.jpa.open-in-view is enabled by default. Therefore, database queries may be performed during view rendering. Explicitly configure spring.jpa.open-in-view to disable this warning
2021-01-07 15:33:09.241  INFO 28696 --- [    Test worker] o.s.b.a.w.s.WelcomePageHandlerMapping    : Adding welcome page template: index
2021-01-07 15:33:09.752  INFO 28696 --- [    Test worker] s.a.ScheduledAnnotationBeanPostProcessor : No TaskScheduler/ScheduledExecutorService bean found for scheduled processing
2021-01-07 15:33:09.753  INFO 28696 --- [    Test worker] c.j.s.domain.posts.PostsRepositoryTest   : Started PostsRepositoryTest in 1.952 seconds (JVM running for 9.966)
Hibernate: insert into posts (created_date, modified_date, author, content, title) values (?, ?, ?, ?, ?)
Hibernate: select posts0_.id as id1_0_, posts0_.created_date as created_2_0_, posts0_.modified_date as modified3_0_, posts0_.author as author4_0_, posts0_.content as content5_0_, posts0_.title as title6_0_ from posts posts0_
Hibernate: select posts0_.id as id1_0_, posts0_.created_date as created_2_0_, posts0_.modified_date as modified3_0_, posts0_.author as author4_0_, posts0_.content as content5_0_, posts0_.title as title6_0_ from posts posts0_
Hibernate: delete from posts where id=?
Hibernate: insert into posts (created_date, modified_date, author, content, title) values (?, ?, ?, ?, ?)
Hibernate: select posts0_.id as id1_0_, posts0_.created_date as created_2_0_, posts0_.modified_date as modified3_0_, posts0_.author as author4_0_, posts0_.content as content5_0_, posts0_.title as title6_0_ from posts posts0_
>>>>>>>>>>> createDate = 2021-01-07T15:33:09.946, modifiedDate=2021-01-07T15:33:09.946
Hibernate: select posts0_.id as id1_0_, posts0_.created_date as created_2_0_, posts0_.modified_date as modified3_0_, posts0_.author as author4_0_, posts0_.content as content5_0_, posts0_.title as title6_0_ from posts posts0_
Hibernate: delete from posts where id=?
]]></system-out>
  <system-err><![CDATA[]]></system-err>
</testsuite>
