<?xml version="1.0" encoding="UTF-8"?>
<testsuite name="com.jung.springbook.web.PostsApiControllerTest" tests="3" skipped="0" failures="0" errors="0" timestamp="2021-01-15T01:58:19" hostname="AS0-W-N02169" time="0.13">
  <properties/>
  <testcase name="Posts_등록된다()" classname="com.jung.springbook.web.PostsApiControllerTest" time="0.071"/>
  <testcase name="Posts_삭제된다()" classname="com.jung.springbook.web.PostsApiControllerTest" time="0.038"/>
  <testcase name="Posts_수정된다()" classname="com.jung.springbook.web.PostsApiControllerTest" time="0.019"/>
  <system-out><![CDATA[2021-01-15 10:58:19.245  INFO 19128 --- [    Test worker] .b.t.c.SpringBootTestContextBootstrapper : Neither @ContextConfiguration nor @ContextHierarchy found for test class [com.jung.springbook.web.PostsApiControllerTest], using SpringBootContextLoader
2021-01-15 10:58:19.246  INFO 19128 --- [    Test worker] o.s.t.c.support.AbstractContextLoader    : Could not detect default resource locations for test class [com.jung.springbook.web.PostsApiControllerTest]: no resource found for suffixes {-context.xml, Context.groovy}.
2021-01-15 10:58:19.246  INFO 19128 --- [    Test worker] t.c.s.AnnotationConfigContextLoaderUtils : Could not detect default configuration classes for test class [com.jung.springbook.web.PostsApiControllerTest]: PostsApiControllerTest does not declare any static, non-private, non-final, nested classes annotated with @Configuration.
2021-01-15 10:58:19.249  INFO 19128 --- [    Test worker] .b.t.c.SpringBootTestContextBootstrapper : Found @SpringBootConfiguration com.jung.springbook.Application for test class com.jung.springbook.web.PostsApiControllerTest
2021-01-15 10:58:19.251  INFO 19128 --- [    Test worker] .b.t.c.SpringBootTestContextBootstrapper : Loaded default TestExecutionListener class names from location [META-INF/spring.factories]: [org.springframework.security.test.context.support.WithSecurityContextTestExecutionListener, org.springframework.security.test.context.support.ReactorContextTestExecutionListener, org.springframework.boot.test.autoconfigure.restdocs.RestDocsTestExecutionListener, org.springframework.boot.test.autoconfigure.web.client.MockRestServiceServerResetTestExecutionListener, org.springframework.boot.test.autoconfigure.web.servlet.MockMvcPrintOnlyOnFailureTestExecutionListener, org.springframework.boot.test.autoconfigure.web.servlet.WebDriverTestExecutionListener, org.springframework.boot.test.autoconfigure.webservices.client.MockWebServiceServerTestExecutionListener, org.springframework.boot.test.mock.mockito.MockitoTestExecutionListener, org.springframework.boot.test.mock.mockito.ResetMocksTestExecutionListener, org.springframework.test.context.web.ServletTestExecutionListener, org.springframework.test.context.support.DirtiesContextBeforeModesTestExecutionListener, org.springframework.test.context.support.DependencyInjectionTestExecutionListener, org.springframework.test.context.support.DirtiesContextTestExecutionListener, org.springframework.test.context.transaction.TransactionalTestExecutionListener, org.springframework.test.context.jdbc.SqlScriptsTestExecutionListener, org.springframework.test.context.event.EventPublishingTestExecutionListener]
2021-01-15 10:58:19.252  INFO 19128 --- [    Test worker] .b.t.c.SpringBootTestContextBootstrapper : Using TestExecutionListeners: [org.springframework.test.context.web.ServletTestExecutionListener@1368a50, org.springframework.test.context.support.DirtiesContextBeforeModesTestExecutionListener@1fba197, org.springframework.boot.test.mock.mockito.MockitoTestExecutionListener@158f186, org.springframework.boot.test.autoconfigure.SpringBootDependencyInjectionTestExecutionListener@1e13435, org.springframework.test.context.support.DirtiesContextTestExecutionListener@324cd3, org.springframework.test.context.transaction.TransactionalTestExecutionListener@75a21b, org.springframework.test.context.jdbc.SqlScriptsTestExecutionListener@99a112, org.springframework.security.test.context.support.WithSecurityContextTestExecutionListener@656ce8, org.springframework.test.context.event.EventPublishingTestExecutionListener@a1ea23, org.springframework.security.test.context.support.ReactorContextTestExecutionListener@1dbe196, org.springframework.boot.test.autoconfigure.restdocs.RestDocsTestExecutionListener@d568e, org.springframework.boot.test.autoconfigure.web.client.MockRestServiceServerResetTestExecutionListener@112678b, org.springframework.boot.test.autoconfigure.web.servlet.MockMvcPrintOnlyOnFailureTestExecutionListener@4b7938, org.springframework.boot.test.autoconfigure.web.servlet.WebDriverTestExecutionListener@faf6b6, org.springframework.boot.test.autoconfigure.webservices.client.MockWebServiceServerTestExecutionListener@d76c81, org.springframework.boot.test.mock.mockito.ResetMocksTestExecutionListener@896a2f]
2021-01-15 10:58:19.264  INFO 19128 --- [    Test worker] o.a.c.c.C.[Tomcat].[localhost].[/]       : Initializing Spring TestDispatcherServlet ''
2021-01-15 10:58:19.264  INFO 19128 --- [    Test worker] o.s.t.web.servlet.TestDispatcherServlet  : Initializing Servlet ''
2021-01-15 10:58:19.266  INFO 19128 --- [    Test worker] o.s.t.web.servlet.TestDispatcherServlet  : Completed initialization in 2 ms
2021-01-15 10:58:19.330  INFO 19128 --- [    Test worker] o.a.c.c.C.[Tomcat].[localhost].[/]       : Initializing Spring TestDispatcherServlet ''
2021-01-15 10:58:19.330  INFO 19128 --- [    Test worker] o.s.t.web.servlet.TestDispatcherServlet  : Initializing Servlet ''
2021-01-15 10:58:19.332  INFO 19128 --- [    Test worker] o.s.t.web.servlet.TestDispatcherServlet  : Completed initialization in 2 ms
2021-01-15 10:58:19.371  INFO 19128 --- [    Test worker] o.a.c.c.C.[Tomcat].[localhost].[/]       : Initializing Spring TestDispatcherServlet ''
2021-01-15 10:58:19.371  INFO 19128 --- [    Test worker] o.s.t.web.servlet.TestDispatcherServlet  : Initializing Servlet ''
2021-01-15 10:58:19.373  INFO 19128 --- [    Test worker] o.s.t.web.servlet.TestDispatcherServlet  : Completed initialization in 2 ms
]]></system-out>
  <system-err><![CDATA[]]></system-err>
</testsuite>
