<?xml version="1.0" encoding="UTF-8"?>
<testsuite name="com.jung.springbook.domain.posts.PostsRepositoryTest" tests="2" skipped="0" failures="0" errors="0" timestamp="2021-01-15T01:58:15" hostname="AS0-W-N02169" time="0.282">
  <properties/>
  <testcase name="게시글저장_불러오기()" classname="com.jung.springbook.domain.posts.PostsRepositoryTest" time="0.264"/>
  <testcase name="BaseTimeEntity_등록()" classname="com.jung.springbook.domain.posts.PostsRepositoryTest" time="0.017"/>
  <system-out><![CDATA[10:58:09.951 [Test worker] DEBUG org.springframework.test.context.BootstrapUtils - Instantiating CacheAwareContextLoaderDelegate from class [org.springframework.test.context.cache.DefaultCacheAwareContextLoaderDelegate]
10:58:09.966 [Test worker] DEBUG org.springframework.test.context.BootstrapUtils - Instantiating BootstrapContext using constructor [public org.springframework.test.context.support.DefaultBootstrapContext(java.lang.Class,org.springframework.test.context.CacheAwareContextLoaderDelegate)]
10:58:10.009 [Test worker] DEBUG org.springframework.test.context.BootstrapUtils - Instantiating TestContextBootstrapper for test class [com.jung.springbook.domain.posts.PostsRepositoryTest] from class [org.springframework.boot.test.context.SpringBootTestContextBootstrapper]
10:58:10.020 [Test worker] INFO org.springframework.boot.test.context.SpringBootTestContextBootstrapper - Neither @ContextConfiguration nor @ContextHierarchy found for test class [com.jung.springbook.domain.posts.PostsRepositoryTest], using SpringBootContextLoader
10:58:10.026 [Test worker] DEBUG org.springframework.test.context.support.AbstractContextLoader - Did not detect default resource location for test class [com.jung.springbook.domain.posts.PostsRepositoryTest]: class path resource [com/jung/springbook/domain/posts/PostsRepositoryTest-context.xml] does not exist
10:58:10.027 [Test worker] DEBUG org.springframework.test.context.support.AbstractContextLoader - Did not detect default resource location for test class [com.jung.springbook.domain.posts.PostsRepositoryTest]: class path resource [com/jung/springbook/domain/posts/PostsRepositoryTestContext.groovy] does not exist
10:58:10.027 [Test worker] INFO org.springframework.test.context.support.AbstractContextLoader - Could not detect default resource locations for test class [com.jung.springbook.domain.posts.PostsRepositoryTest]: no resource found for suffixes {-context.xml, Context.groovy}.
10:58:10.029 [Test worker] INFO org.springframework.test.context.support.AnnotationConfigContextLoaderUtils - Could not detect default configuration classes for test class [com.jung.springbook.domain.posts.PostsRepositoryTest]: PostsRepositoryTest does not declare any static, non-private, non-final, nested classes annotated with @Configuration.
10:58:10.074 [Test worker] DEBUG org.springframework.test.context.support.ActiveProfilesUtils - Could not find an 'annotation declaring class' for annotation type [org.springframework.test.context.ActiveProfiles] and class [com.jung.springbook.domain.posts.PostsRepositoryTest]
10:58:10.143 [Test worker] DEBUG org.springframework.context.annotation.ClassPathScanningCandidateComponentProvider - Identified candidate component class: file [D:\정이\jung-springbook\build\classes\java\main\com\jung\springbook\Application.class]
10:58:10.144 [Test worker] INFO org.springframework.boot.test.context.SpringBootTestContextBootstrapper - Found @SpringBootConfiguration com.jung.springbook.Application for test class com.jung.springbook.domain.posts.PostsRepositoryTest
10:58:10.294 [Test worker] DEBUG org.springframework.boot.test.context.SpringBootTestContextBootstrapper - @TestExecutionListeners is not present for class [com.jung.springbook.domain.posts.PostsRepositoryTest]: using defaults.
10:58:10.295 [Test worker] INFO org.springframework.boot.test.context.SpringBootTestContextBootstrapper - Loaded default TestExecutionListener class names from location [META-INF/spring.factories]: [org.springframework.security.test.context.support.WithSecurityContextTestExecutionListener, org.springframework.security.test.context.support.ReactorContextTestExecutionListener, org.springframework.boot.test.autoconfigure.restdocs.RestDocsTestExecutionListener, org.springframework.boot.test.autoconfigure.web.client.MockRestServiceServerResetTestExecutionListener, org.springframework.boot.test.autoconfigure.web.servlet.MockMvcPrintOnlyOnFailureTestExecutionListener, org.springframework.boot.test.autoconfigure.web.servlet.WebDriverTestExecutionListener, org.springframework.boot.test.autoconfigure.webservices.client.MockWebServiceServerTestExecutionListener, org.springframework.boot.test.mock.mockito.MockitoTestExecutionListener, org.springframework.boot.test.mock.mockito.ResetMocksTestExecutionListener, org.springframework.test.context.web.ServletTestExecutionListener, org.springframework.test.context.support.DirtiesContextBeforeModesTestExecutionListener, org.springframework.test.context.support.DependencyInjectionTestExecutionListener, org.springframework.test.context.support.DirtiesContextTestExecutionListener, org.springframework.test.context.transaction.TransactionalTestExecutionListener, org.springframework.test.context.jdbc.SqlScriptsTestExecutionListener, org.springframework.test.context.event.EventPublishingTestExecutionListener]
10:58:10.320 [Test worker] INFO org.springframework.boot.test.context.SpringBootTestContextBootstrapper - Using TestExecutionListeners: [org.springframework.test.context.web.ServletTestExecutionListener@b75383, org.springframework.test.context.support.DirtiesContextBeforeModesTestExecutionListener@3f69e, org.springframework.boot.test.mock.mockito.MockitoTestExecutionListener@1a03cbb, org.springframework.boot.test.autoconfigure.SpringBootDependencyInjectionTestExecutionListener@4cebbf, org.springframework.test.context.support.DirtiesContextTestExecutionListener@df8afe, org.springframework.test.context.transaction.TransactionalTestExecutionListener@1192dfd, org.springframework.test.context.jdbc.SqlScriptsTestExecutionListener@1de9401, org.springframework.security.test.context.support.WithSecurityContextTestExecutionListener@a49e56, org.springframework.test.context.event.EventPublishingTestExecutionListener@646946, org.springframework.security.test.context.support.ReactorContextTestExecutionListener@1ed6f2, org.springframework.boot.test.autoconfigure.restdocs.RestDocsTestExecutionListener@1d3396c, org.springframework.boot.test.autoconfigure.web.client.MockRestServiceServerResetTestExecutionListener@18d5a6e, org.springframework.boot.test.autoconfigure.web.servlet.MockMvcPrintOnlyOnFailureTestExecutionListener@e43700, org.springframework.boot.test.autoconfigure.web.servlet.WebDriverTestExecutionListener@d3ca28, org.springframework.boot.test.autoconfigure.webservices.client.MockWebServiceServerTestExecutionListener@898a47, org.springframework.boot.test.mock.mockito.ResetMocksTestExecutionListener@16ef712]
10:58:10.324 [Test worker] DEBUG org.springframework.test.context.support.AbstractDirtiesContextTestExecutionListener - Before test class: context [DefaultTestContext@f26d30 testClass = PostsRepositoryTest, testInstance = [null], testMethod = [null], testException = [null], mergedContextConfiguration = [WebMergedContextConfiguration@1d6eedc testClass = PostsRepositoryTest, locations = '{}', classes = '{class com.jung.springbook.Application}', contextInitializerClasses = '[]', activeProfiles = '{}', propertySourceLocations = '{}', propertySourceProperties = '{org.springframework.boot.test.context.SpringBootTestContextBootstrapper=true}', contextCustomizers = set[org.springframework.boot.test.autoconfigure.actuate.metrics.MetricsExportContextCustomizerFactory$DisableMetricExportContextCustomizer@1f79e5f, org.springframework.boot.test.autoconfigure.properties.PropertyMappingContextCustomizer@0, org.springframework.boot.test.autoconfigure.web.servlet.WebDriverContextCustomizerFactory$Customizer@a043b5, org.springframework.boot.test.context.filter.ExcludeFilterContextCustomizer@1ba7857, org.springframework.boot.test.json.DuplicateJsonObjectContextCustomizerFactory$DuplicateJsonObjectContextCustomizer@d91846, org.springframework.boot.test.mock.mockito.MockitoContextCustomizer@0, org.springframework.boot.test.web.client.TestRestTemplateContextCustomizer@13b2b57, org.springframework.boot.test.context.SpringBootTestArgs@1, org.springframework.boot.test.context.SpringBootTestWebEnvironment@16bb353], resourceBasePath = 'src/main/webapp', contextLoader = 'org.springframework.boot.test.context.SpringBootContextLoader', parent = [null]], attributes = map['org.springframework.test.context.web.ServletTestExecutionListener.activateListener' -> true]], class annotated with @DirtiesContext [false] with mode [null].
10:58:10.359 [Test worker] DEBUG org.springframework.test.context.support.TestPropertySourceUtils - Adding inlined properties to environment: {spring.jmx.enabled=false, org.springframework.boot.test.context.SpringBootTestContextBootstrapper=true}

  .   ____          _            __ _ _
 /\\ / ___'_ __ _ _(_)_ __  __ _ \ \ \ \
( ( )\___ | '_ | '_| | '_ \/ _` | \ \ \ \
 \\/  ___)| |_)| | | | | || (_| |  ) ) ) )
  '  |____| .__|_| |_|_| |_\__, | / / / /
 =========|_|==============|___/=/_/_/_/
 :: Spring Boot ::                (v2.4.1)

2021-01-15 10:58:10.644  INFO 19128 --- [    Test worker] c.j.s.domain.posts.PostsRepositoryTest   : Starting PostsRepositoryTest using Java 1.8.0_201 on AS0-W-N02169 with PID 19128 (started by FAS00143 in D:\정이\jung-springbook)
2021-01-15 10:58:10.646  INFO 19128 --- [    Test worker] c.j.s.domain.posts.PostsRepositoryTest   : No active profile set, falling back to default profiles: default
2021-01-15 10:58:11.427  INFO 19128 --- [    Test worker] .s.d.r.c.RepositoryConfigurationDelegate : Bootstrapping Spring Data JPA repositories in DEFAULT mode.
2021-01-15 10:58:11.522  INFO 19128 --- [    Test worker] .s.d.r.c.RepositoryConfigurationDelegate : Finished Spring Data repository scanning in 87 ms. Found 2 JPA repository interfaces.
2021-01-15 10:58:12.179  INFO 19128 --- [    Test worker] com.zaxxer.hikari.HikariDataSource       : HikariPool-1 - Starting...
2021-01-15 10:58:12.385  INFO 19128 --- [    Test worker] com.zaxxer.hikari.HikariDataSource       : HikariPool-1 - Start completed.
2021-01-15 10:58:12.459  INFO 19128 --- [    Test worker] o.hibernate.jpa.internal.util.LogHelper  : HHH000204: Processing PersistenceUnitInfo [name: default]
2021-01-15 10:58:12.527  INFO 19128 --- [    Test worker] org.hibernate.Version                    : HHH000412: Hibernate ORM core version 5.4.25.Final
2021-01-15 10:58:12.712  INFO 19128 --- [    Test worker] o.hibernate.annotations.common.Version   : HCANN000001: Hibernate Commons Annotations {5.1.2.Final}
2021-01-15 10:58:12.860  INFO 19128 --- [    Test worker] org.hibernate.dialect.Dialect            : HHH000400: Using dialect: org.hibernate.dialect.MySQL57Dialect
2021-01-15 10:58:13.640  INFO 19128 --- [    Test worker] o.h.e.t.j.p.i.JtaPlatformInitiator       : HHH000490: Using JtaPlatform implementation: [org.hibernate.engine.transaction.jta.platform.internal.NoJtaPlatform]
2021-01-15 10:58:13.650  INFO 19128 --- [    Test worker] j.LocalContainerEntityManagerFactoryBean : Initialized JPA EntityManagerFactory for persistence unit 'default'
2021-01-15 10:58:14.166  WARN 19128 --- [    Test worker] JpaBaseConfiguration$JpaWebConfiguration : spring.jpa.open-in-view is enabled by default. Therefore, database queries may be performed during view rendering. Explicitly configure spring.jpa.open-in-view to disable this warning
2021-01-15 10:58:14.731  INFO 19128 --- [    Test worker] o.s.s.web.DefaultSecurityFilterChain     : Will secure any request with [org.springframework.security.web.context.request.async.WebAsyncManagerIntegrationFilter@1acb3fb, org.springframework.security.web.context.SecurityContextPersistenceFilter@97dfb, org.springframework.security.web.header.HeaderWriterFilter@ee39d6, org.springframework.security.web.authentication.logout.LogoutFilter@1b3a57b, org.springframework.security.oauth2.client.web.OAuth2AuthorizationRequestRedirectFilter@ed8569, org.springframework.security.oauth2.client.web.OAuth2LoginAuthenticationFilter@1d4b77b, org.springframework.security.web.authentication.ui.DefaultLoginPageGeneratingFilter@12e168f, org.springframework.security.web.authentication.ui.DefaultLogoutPageGeneratingFilter@13a0e74, org.springframework.security.web.savedrequest.RequestCacheAwareFilter@f715bf, org.springframework.security.web.servletapi.SecurityContextHolderAwareRequestFilter@1b73850, org.springframework.security.web.authentication.AnonymousAuthenticationFilter@cb72c6, org.springframework.security.web.session.SessionManagementFilter@5a53fa, org.springframework.security.web.access.ExceptionTranslationFilter@e0b072, org.springframework.security.web.access.intercept.FilterSecurityInterceptor@1094ec7]
2021-01-15 10:58:15.194  INFO 19128 --- [    Test worker] o.s.s.concurrent.ThreadPoolTaskExecutor  : Initializing ExecutorService 'applicationTaskExecutor'
2021-01-15 10:58:15.309  INFO 19128 --- [    Test worker] o.s.b.a.w.s.WelcomePageHandlerMapping    : Adding welcome page template: index
2021-01-15 10:58:15.782  INFO 19128 --- [    Test worker] s.a.ScheduledAnnotationBeanPostProcessor : No TaskScheduler/ScheduledExecutorService bean found for scheduled processing
2021-01-15 10:58:15.793  INFO 19128 --- [    Test worker] c.j.s.domain.posts.PostsRepositoryTest   : Started PostsRepositoryTest in 5.426 seconds (JVM running for 7.147)
>>>>>>>>>>> createDate = 2021-01-15T10:58:16.083, modifiedDate=2021-01-15T10:58:16.083
]]></system-out>
  <system-err><![CDATA[]]></system-err>
</testsuite>
